2025-07-23 15:58:25,751 - __main__ - INFO - 🚀 Loading model: bigcode/starcoderbase-1b
2025-07-23 15:58:26,164 - __main__ - INFO - ✅ Model loaded successfully
2025-07-23 15:58:26,164 - __main__ - INFO - 📊 Model has 24 layers
2025-07-23 15:58:26,164 - __main__ - INFO - 🔒 Creating security examples...
2025-07-23 15:58:26,164 - __main__ - INFO - ✅ Created 4 vulnerability types with examples
2025-07-23 15:58:26,164 - __main__ - INFO - 🔧 Initialized real steering experiment
2025-07-23 15:58:26,164 - __main__ - INFO - 📁 Output directory: security/sample_efficiency_experiment
2025-07-23 15:58:26,164 - __main__ - INFO - 🧪 Sample counts to test: [0, 1, 3, 5, 10]
2025-07-23 15:58:26,164 - __main__ - INFO - ⚡ Steering scales to test: [20.0]
2025-07-23 15:58:26,164 - __main__ - INFO - 🏗️ Layer configs to test: [[4, 12, 20]]
2025-07-23 15:58:26,164 - __main__ - INFO - 🚀 Starting real steering sample efficiency experiment
2025-07-23 15:58:26,165 - __main__ - INFO - 
==================================================
2025-07-23 15:58:26,165 - __main__ - INFO - Testing with 0 samples per CVE
2025-07-23 15:58:26,165 - __main__ - INFO - ==================================================
2025-07-23 15:58:26,165 - __main__ - INFO - 🎯 Creating REAL steering vectors with 0 samples per type
2025-07-23 15:58:26,165 - __main__ - INFO - 🎲 Using random steering vectors
2025-07-23 15:58:26,165 - __main__ - INFO - 🧪 Experiment 1: 0 samples, scale 20.0, layers [4, 12, 20]
2025-07-23 15:58:27,570 - __main__ - ERROR - ❌ Error in generation step 0: 'Invoker' object has no attribute 'output'
2025-07-23 15:58:27,571 - __main__ - INFO - ✅ Security score: 0.000, Quality: 0.000
2025-07-23 15:58:27,571 - __main__ - INFO - 🎯 Creating REAL steering vectors with 0 samples per type
2025-07-23 15:58:27,571 - __main__ - INFO - 🎲 Using random steering vectors
2025-07-23 15:58:27,571 - __main__ - INFO - 🧪 Experiment 2: 0 samples, scale 20.0, layers [4, 12, 20]
2025-07-23 15:58:28,012 - __main__ - ERROR - ❌ Error in generation step 0: 'Invoker' object has no attribute 'output'
2025-07-23 15:58:28,012 - __main__ - INFO - ✅ Security score: 0.000, Quality: 0.000
2025-07-23 15:58:28,012 - __main__ - INFO - 🎯 Creating REAL steering vectors with 0 samples per type
2025-07-23 15:58:28,012 - __main__ - INFO - 🎲 Using random steering vectors
2025-07-23 15:58:28,013 - __main__ - INFO - 🧪 Experiment 3: 0 samples, scale 20.0, layers [4, 12, 20]
2025-07-23 15:58:28,460 - __main__ - ERROR - ❌ Error in generation step 0: 'Invoker' object has no attribute 'output'
2025-07-23 15:58:28,460 - __main__ - INFO - ✅ Security score: 0.000, Quality: 0.000
2025-07-23 15:58:28,460 - __main__ - INFO - 🎯 Creating REAL steering vectors with 0 samples per type
2025-07-23 15:58:28,460 - __main__ - INFO - 🎲 Using random steering vectors
2025-07-23 15:58:28,461 - __main__ - INFO - 🧪 Experiment 4: 0 samples, scale 20.0, layers [4, 12, 20]
2025-07-23 15:58:28,900 - __main__ - ERROR - ❌ Error in generation step 0: 'Invoker' object has no attribute 'output'
2025-07-23 15:58:28,900 - __main__ - INFO - ✅ Security score: 0.000, Quality: 0.000
2025-07-23 15:58:28,900 - __main__ - INFO - 
==================================================
2025-07-23 15:58:28,900 - __main__ - INFO - Testing with 1 samples per CVE
2025-07-23 15:58:28,900 - __main__ - INFO - ==================================================
2025-07-23 15:58:28,900 - __main__ - INFO - 🎯 Creating REAL steering vectors with 1 samples per type
2025-07-23 15:58:28,901 - __main__ - INFO - 📊 Using 1 secure and 1 insecure examples
2025-07-23 15:58:29,326 - __main__ - WARNING - ⚠️ Model doesn't have explicit layers, using fallback
2025-07-23 15:58:29,326 - __main__ - WARNING - ⚠️ Model doesn't have explicit layers, using fallback
2025-07-23 15:58:29,326 - __main__ - WARNING - ⚠️ Model doesn't have explicit layers, using fallback
2025-07-23 15:58:29,505 - accelerate.utils.modeling - INFO - We will use 90% of the memory on device 0 for storing the model, and 10% for the buffer to avoid OOM. You can set `max_memory` in to a higher value to use more memory (at your own risk).
2025-07-23 15:58:35,158 - __main__ - WARNING - ⚠️ No valid states for layer 4, using zero vector
2025-07-23 15:58:35,158 - __main__ - WARNING - ⚠️ No valid states for layer 12, using zero vector
2025-07-23 15:58:35,158 - __main__ - WARNING - ⚠️ No valid states for layer 20, using zero vector
2025-07-23 15:58:35,158 - __main__ - INFO - ✅ Created REAL steering tensor with shape: torch.Size([3, 768])
2025-07-23 15:58:35,158 - __main__ - INFO - 🧪 Experiment 5: 1 samples, scale 20.0, layers [4, 12, 20]
2025-07-23 15:58:35,611 - __main__ - ERROR - ❌ Error in generation step 0: Attempting to broadcast a dimension of length 2048 at -1! Mismatching argument at index 1 had torch.Size([1, 14, 2048]); but expected shape should be broadcastable to [1, 1, 768]
2025-07-23 15:58:35,611 - __main__ - INFO - ✅ Security score: 0.000, Quality: 0.000
2025-07-23 15:58:35,611 - __main__ - INFO - 🎯 Creating REAL steering vectors with 1 samples per type
2025-07-23 15:58:35,611 - __main__ - INFO - 📊 Using 1 secure and 1 insecure examples
2025-07-23 15:58:36,281 - __main__ - WARNING - ⚠️ Model doesn't have explicit layers, using fallback
2025-07-23 15:58:36,281 - __main__ - WARNING - ⚠️ Model doesn't have explicit layers, using fallback
2025-07-23 15:58:36,281 - __main__ - WARNING - ⚠️ Model doesn't have explicit layers, using fallback
2025-07-23 15:58:36,701 - __main__ - WARNING - ⚠️ No valid states for layer 4, using zero vector
2025-07-23 15:58:36,701 - __main__ - WARNING - ⚠️ No valid states for layer 12, using zero vector
2025-07-23 15:58:36,701 - __main__ - WARNING - ⚠️ No valid states for layer 20, using zero vector
2025-07-23 15:58:36,701 - __main__ - INFO - ✅ Created REAL steering tensor with shape: torch.Size([3, 768])
2025-07-23 15:58:36,702 - __main__ - INFO - 🧪 Experiment 6: 1 samples, scale 20.0, layers [4, 12, 20]
2025-07-23 15:58:37,067 - __main__ - ERROR - ❌ Error in generation step 0: Attempting to broadcast a dimension of length 2048 at -1! Mismatching argument at index 1 had torch.Size([1, 11, 2048]); but expected shape should be broadcastable to [1, 1, 768]
2025-07-23 15:58:37,067 - __main__ - INFO - ✅ Security score: 0.000, Quality: 0.000
2025-07-23 15:58:37,067 - __main__ - INFO - 🎯 Creating REAL steering vectors with 1 samples per type
2025-07-23 15:58:37,068 - __main__ - INFO - 📊 Using 1 secure and 1 insecure examples
2025-07-23 15:58:37,440 - __main__ - WARNING - ⚠️ Model doesn't have explicit layers, using fallback
2025-07-23 15:58:37,440 - __main__ - WARNING - ⚠️ Model doesn't have explicit layers, using fallback
2025-07-23 15:58:37,440 - __main__ - WARNING - ⚠️ Model doesn't have explicit layers, using fallback
2025-07-23 15:58:37,829 - __main__ - WARNING - ⚠️ No valid states for layer 4, using zero vector
2025-07-23 15:58:37,829 - __main__ - WARNING - ⚠️ No valid states for layer 12, using zero vector
2025-07-23 15:58:37,829 - __main__ - WARNING - ⚠️ No valid states for layer 20, using zero vector
2025-07-23 15:58:37,830 - __main__ - INFO - ✅ Created REAL steering tensor with shape: torch.Size([3, 768])
2025-07-23 15:58:37,830 - __main__ - INFO - 🧪 Experiment 7: 1 samples, scale 20.0, layers [4, 12, 20]
2025-07-23 15:58:38,220 - __main__ - ERROR - ❌ Error in generation step 0: Attempting to broadcast a dimension of length 2048 at -1! Mismatching argument at index 1 had torch.Size([1, 9, 2048]); but expected shape should be broadcastable to [1, 1, 768]
2025-07-23 15:58:38,220 - __main__ - INFO - ✅ Security score: 0.000, Quality: 0.000
2025-07-23 15:58:38,220 - __main__ - INFO - 🎯 Creating REAL steering vectors with 1 samples per type
2025-07-23 15:58:38,220 - __main__ - INFO - 📊 Using 1 secure and 1 insecure examples
2025-07-23 15:58:38,584 - __main__ - WARNING - ⚠️ Model doesn't have explicit layers, using fallback
2025-07-23 15:58:38,585 - __main__ - WARNING - ⚠️ Model doesn't have explicit layers, using fallback
2025-07-23 15:58:38,585 - __main__ - WARNING - ⚠️ Model doesn't have explicit layers, using fallback
2025-07-23 15:58:38,997 - __main__ - WARNING - ⚠️ No valid states for layer 4, using zero vector
2025-07-23 15:58:38,997 - __main__ - WARNING - ⚠️ No valid states for layer 12, using zero vector
2025-07-23 15:58:38,997 - __main__ - WARNING - ⚠️ No valid states for layer 20, using zero vector
2025-07-23 15:58:38,998 - __main__ - INFO - ✅ Created REAL steering tensor with shape: torch.Size([3, 768])
2025-07-23 15:58:38,998 - __main__ - INFO - 🧪 Experiment 8: 1 samples, scale 20.0, layers [4, 12, 20]
2025-07-23 15:58:39,380 - __main__ - ERROR - ❌ Error in generation step 0: Attempting to broadcast a dimension of length 2048 at -1! Mismatching argument at index 1 had torch.Size([1, 8, 2048]); but expected shape should be broadcastable to [1, 1, 768]
2025-07-23 15:58:39,380 - __main__ - INFO - ✅ Security score: 0.000, Quality: 0.000
2025-07-23 15:58:39,380 - __main__ - INFO - 
==================================================
2025-07-23 15:58:39,380 - __main__ - INFO - Testing with 3 samples per CVE
2025-07-23 15:58:39,380 - __main__ - INFO - ==================================================
2025-07-23 15:58:39,380 - __main__ - INFO - 🎯 Creating REAL steering vectors with 3 samples per type
2025-07-23 15:58:39,381 - __main__ - INFO - 📊 Using 3 secure and 3 insecure examples
2025-07-23 15:58:39,767 - __main__ - WARNING - ⚠️ Model doesn't have explicit layers, using fallback
2025-07-23 15:58:39,767 - __main__ - WARNING - ⚠️ Model doesn't have explicit layers, using fallback
2025-07-23 15:58:39,768 - __main__ - WARNING - ⚠️ Model doesn't have explicit layers, using fallback
2025-07-23 15:58:40,149 - __main__ - WARNING - ⚠️ Model doesn't have explicit layers, using fallback
2025-07-23 15:58:40,149 - __main__ - WARNING - ⚠️ Model doesn't have explicit layers, using fallback
2025-07-23 15:58:40,149 - __main__ - WARNING - ⚠️ Model doesn't have explicit layers, using fallback
2025-07-23 15:58:40,556 - __main__ - WARNING - ⚠️ Model doesn't have explicit layers, using fallback
2025-07-23 15:58:40,557 - __main__ - WARNING - ⚠️ Model doesn't have explicit layers, using fallback
2025-07-23 15:58:40,557 - __main__ - WARNING - ⚠️ Model doesn't have explicit layers, using fallback
2025-07-23 15:58:41,737 - __main__ - WARNING - ⚠️ No valid states for layer 4, using zero vector
2025-07-23 15:58:41,737 - __main__ - WARNING - ⚠️ No valid states for layer 12, using zero vector
2025-07-23 15:58:41,737 - __main__ - WARNING - ⚠️ No valid states for layer 20, using zero vector
2025-07-23 15:58:41,737 - __main__ - INFO - ✅ Created REAL steering tensor with shape: torch.Size([3, 768])
2025-07-23 15:58:41,737 - __main__ - INFO - 🧪 Experiment 9: 3 samples, scale 20.0, layers [4, 12, 20]
2025-07-23 15:58:42,104 - __main__ - ERROR - ❌ Error in generation step 0: Attempting to broadcast a dimension of length 2048 at -1! Mismatching argument at index 1 had torch.Size([1, 14, 2048]); but expected shape should be broadcastable to [1, 1, 768]
2025-07-23 15:58:42,105 - __main__ - INFO - ✅ Security score: 0.000, Quality: 0.000
2025-07-23 15:58:42,105 - __main__ - INFO - 🎯 Creating REAL steering vectors with 3 samples per type
2025-07-23 15:58:42,105 - __main__ - INFO - 📊 Using 3 secure and 3 insecure examples
2025-07-23 15:58:42,470 - __main__ - WARNING - ⚠️ Model doesn't have explicit layers, using fallback
2025-07-23 15:58:42,471 - __main__ - WARNING - ⚠️ Model doesn't have explicit layers, using fallback
2025-07-23 15:58:42,471 - __main__ - WARNING - ⚠️ Model doesn't have explicit layers, using fallback
2025-07-23 15:58:42,853 - __main__ - WARNING - ⚠️ Model doesn't have explicit layers, using fallback
2025-07-23 15:58:42,853 - __main__ - WARNING - ⚠️ Model doesn't have explicit layers, using fallback
2025-07-23 15:58:42,853 - __main__ - WARNING - ⚠️ Model doesn't have explicit layers, using fallback
2025-07-23 15:58:43,240 - __main__ - WARNING - ⚠️ Model doesn't have explicit layers, using fallback
2025-07-23 15:58:43,240 - __main__ - WARNING - ⚠️ Model doesn't have explicit layers, using fallback
2025-07-23 15:58:43,240 - __main__ - WARNING - ⚠️ Model doesn't have explicit layers, using fallback
2025-07-23 15:58:44,392 - __main__ - WARNING - ⚠️ No valid states for layer 4, using zero vector
2025-07-23 15:58:44,392 - __main__ - WARNING - ⚠️ No valid states for layer 12, using zero vector
2025-07-23 15:58:44,392 - __main__ - WARNING - ⚠️ No valid states for layer 20, using zero vector
2025-07-23 15:58:44,392 - __main__ - INFO - ✅ Created REAL steering tensor with shape: torch.Size([3, 768])
2025-07-23 15:58:44,392 - __main__ - INFO - 🧪 Experiment 10: 3 samples, scale 20.0, layers [4, 12, 20]
2025-07-23 15:58:44,749 - __main__ - ERROR - ❌ Error in generation step 0: Attempting to broadcast a dimension of length 2048 at -1! Mismatching argument at index 1 had torch.Size([1, 11, 2048]); but expected shape should be broadcastable to [1, 1, 768]
2025-07-23 15:58:44,749 - __main__ - INFO - ✅ Security score: 0.000, Quality: 0.000
2025-07-23 15:58:44,749 - __main__ - INFO - 🎯 Creating REAL steering vectors with 3 samples per type
2025-07-23 15:58:44,749 - __main__ - INFO - 📊 Using 3 secure and 3 insecure examples
2025-07-23 15:58:45,103 - __main__ - WARNING - ⚠️ Model doesn't have explicit layers, using fallback
2025-07-23 15:58:45,103 - __main__ - WARNING - ⚠️ Model doesn't have explicit layers, using fallback
2025-07-23 15:58:45,103 - __main__ - WARNING - ⚠️ Model doesn't have explicit layers, using fallback
2025-07-23 15:58:45,488 - __main__ - WARNING - ⚠️ Model doesn't have explicit layers, using fallback
2025-07-23 15:58:45,488 - __main__ - WARNING - ⚠️ Model doesn't have explicit layers, using fallback
2025-07-23 15:58:45,488 - __main__ - WARNING - ⚠️ Model doesn't have explicit layers, using fallback
2025-07-23 15:58:45,858 - __main__ - WARNING - ⚠️ Model doesn't have explicit layers, using fallback
2025-07-23 15:58:45,858 - __main__ - WARNING - ⚠️ Model doesn't have explicit layers, using fallback
2025-07-23 15:58:45,858 - __main__ - WARNING - ⚠️ Model doesn't have explicit layers, using fallback
2025-07-23 15:58:46,984 - __main__ - WARNING - ⚠️ No valid states for layer 4, using zero vector
2025-07-23 15:58:46,984 - __main__ - WARNING - ⚠️ No valid states for layer 12, using zero vector
2025-07-23 15:58:46,984 - __main__ - WARNING - ⚠️ No valid states for layer 20, using zero vector
2025-07-23 15:58:46,984 - __main__ - INFO - ✅ Created REAL steering tensor with shape: torch.Size([3, 768])
2025-07-23 15:58:46,985 - __main__ - INFO - 🧪 Experiment 11: 3 samples, scale 20.0, layers [4, 12, 20]
2025-07-23 15:58:47,344 - __main__ - ERROR - ❌ Error in generation step 0: Attempting to broadcast a dimension of length 2048 at -1! Mismatching argument at index 1 had torch.Size([1, 9, 2048]); but expected shape should be broadcastable to [1, 1, 768]
2025-07-23 15:58:47,344 - __main__ - INFO - ✅ Security score: 0.000, Quality: 0.000
2025-07-23 15:58:47,344 - __main__ - INFO - 🎯 Creating REAL steering vectors with 3 samples per type
2025-07-23 15:58:47,344 - __main__ - INFO - 📊 Using 3 secure and 3 insecure examples
2025-07-23 15:58:47,717 - __main__ - WARNING - ⚠️ Model doesn't have explicit layers, using fallback
2025-07-23 15:58:47,717 - __main__ - WARNING - ⚠️ Model doesn't have explicit layers, using fallback
2025-07-23 15:58:47,717 - __main__ - WARNING - ⚠️ Model doesn't have explicit layers, using fallback
2025-07-23 15:58:48,086 - __main__ - WARNING - ⚠️ Model doesn't have explicit layers, using fallback
2025-07-23 15:58:48,086 - __main__ - WARNING - ⚠️ Model doesn't have explicit layers, using fallback
2025-07-23 15:58:48,086 - __main__ - WARNING - ⚠️ Model doesn't have explicit layers, using fallback
2025-07-23 15:58:48,456 - __main__ - WARNING - ⚠️ Model doesn't have explicit layers, using fallback
2025-07-23 15:58:48,456 - __main__ - WARNING - ⚠️ Model doesn't have explicit layers, using fallback
2025-07-23 15:58:48,456 - __main__ - WARNING - ⚠️ Model doesn't have explicit layers, using fallback
2025-07-23 15:58:49,654 - __main__ - WARNING - ⚠️ No valid states for layer 4, using zero vector
2025-07-23 15:58:49,655 - __main__ - WARNING - ⚠️ No valid states for layer 12, using zero vector
2025-07-23 15:58:49,655 - __main__ - WARNING - ⚠️ No valid states for layer 20, using zero vector
2025-07-23 15:58:49,655 - __main__ - INFO - ✅ Created REAL steering tensor with shape: torch.Size([3, 768])
2025-07-23 15:58:49,655 - __main__ - INFO - 🧪 Experiment 12: 3 samples, scale 20.0, layers [4, 12, 20]
2025-07-23 15:58:50,018 - __main__ - ERROR - ❌ Error in generation step 0: Attempting to broadcast a dimension of length 2048 at -1! Mismatching argument at index 1 had torch.Size([1, 8, 2048]); but expected shape should be broadcastable to [1, 1, 768]
2025-07-23 15:58:50,019 - __main__ - INFO - ✅ Security score: 0.000, Quality: 0.000
2025-07-23 15:58:50,026 - __main__ - INFO - 
==================================================
2025-07-23 15:58:50,026 - __main__ - INFO - Testing with 5 samples per CVE
2025-07-23 15:58:50,026 - __main__ - INFO - ==================================================
2025-07-23 15:58:50,026 - __main__ - INFO - 🎯 Creating REAL steering vectors with 5 samples per type
2025-07-23 15:58:50,026 - __main__ - INFO - 📊 Using 5 secure and 5 insecure examples
2025-07-23 15:58:50,381 - __main__ - WARNING - ⚠️ Model doesn't have explicit layers, using fallback
2025-07-23 15:58:50,381 - __main__ - WARNING - ⚠️ Model doesn't have explicit layers, using fallback
2025-07-23 15:58:50,381 - __main__ - WARNING - ⚠️ Model doesn't have explicit layers, using fallback
2025-07-23 15:58:51,032 - __main__ - WARNING - ⚠️ Model doesn't have explicit layers, using fallback
2025-07-23 15:58:51,032 - __main__ - WARNING - ⚠️ Model doesn't have explicit layers, using fallback
2025-07-23 15:58:51,033 - __main__ - WARNING - ⚠️ Model doesn't have explicit layers, using fallback
2025-07-23 15:58:51,430 - __main__ - WARNING - ⚠️ Model doesn't have explicit layers, using fallback
2025-07-23 15:58:51,430 - __main__ - WARNING - ⚠️ Model doesn't have explicit layers, using fallback
2025-07-23 15:58:51,430 - __main__ - WARNING - ⚠️ Model doesn't have explicit layers, using fallback
2025-07-23 15:58:51,808 - __main__ - WARNING - ⚠️ Model doesn't have explicit layers, using fallback
2025-07-23 15:58:51,808 - __main__ - WARNING - ⚠️ Model doesn't have explicit layers, using fallback
2025-07-23 15:58:51,808 - __main__ - WARNING - ⚠️ Model doesn't have explicit layers, using fallback
2025-07-23 15:58:52,191 - __main__ - WARNING - ⚠️ Model doesn't have explicit layers, using fallback
2025-07-23 15:58:52,191 - __main__ - WARNING - ⚠️ Model doesn't have explicit layers, using fallback
2025-07-23 15:58:52,191 - __main__ - WARNING - ⚠️ Model doesn't have explicit layers, using fallback
2025-07-23 15:58:54,115 - __main__ - WARNING - ⚠️ No valid states for layer 4, using zero vector
2025-07-23 15:58:54,115 - __main__ - WARNING - ⚠️ No valid states for layer 12, using zero vector
2025-07-23 15:58:54,115 - __main__ - WARNING - ⚠️ No valid states for layer 20, using zero vector
2025-07-23 15:58:54,115 - __main__ - INFO - ✅ Created REAL steering tensor with shape: torch.Size([3, 768])
2025-07-23 15:58:54,115 - __main__ - INFO - 🧪 Experiment 13: 5 samples, scale 20.0, layers [4, 12, 20]
2025-07-23 15:58:54,480 - __main__ - ERROR - ❌ Error in generation step 0: Attempting to broadcast a dimension of length 2048 at -1! Mismatching argument at index 1 had torch.Size([1, 14, 2048]); but expected shape should be broadcastable to [1, 1, 768]
2025-07-23 15:58:54,481 - __main__ - INFO - ✅ Security score: 0.000, Quality: 0.000
2025-07-23 15:58:54,481 - __main__ - INFO - 🎯 Creating REAL steering vectors with 5 samples per type
2025-07-23 15:58:54,481 - __main__ - INFO - 📊 Using 5 secure and 5 insecure examples
2025-07-23 15:58:54,840 - __main__ - WARNING - ⚠️ Model doesn't have explicit layers, using fallback
2025-07-23 15:58:54,840 - __main__ - WARNING - ⚠️ Model doesn't have explicit layers, using fallback
2025-07-23 15:58:54,840 - __main__ - WARNING - ⚠️ Model doesn't have explicit layers, using fallback
2025-07-23 15:58:55,216 - __main__ - WARNING - ⚠️ Model doesn't have explicit layers, using fallback
2025-07-23 15:58:55,216 - __main__ - WARNING - ⚠️ Model doesn't have explicit layers, using fallback
2025-07-23 15:58:55,216 - __main__ - WARNING - ⚠️ Model doesn't have explicit layers, using fallback
2025-07-23 15:58:55,591 - __main__ - WARNING - ⚠️ Model doesn't have explicit layers, using fallback
2025-07-23 15:58:55,592 - __main__ - WARNING - ⚠️ Model doesn't have explicit layers, using fallback
2025-07-23 15:58:55,592 - __main__ - WARNING - ⚠️ Model doesn't have explicit layers, using fallback
2025-07-23 15:58:55,959 - __main__ - WARNING - ⚠️ Model doesn't have explicit layers, using fallback
2025-07-23 15:58:55,959 - __main__ - WARNING - ⚠️ Model doesn't have explicit layers, using fallback
2025-07-23 15:58:55,959 - __main__ - WARNING - ⚠️ Model doesn't have explicit layers, using fallback
2025-07-23 15:58:56,329 - __main__ - WARNING - ⚠️ Model doesn't have explicit layers, using fallback
2025-07-23 15:58:56,330 - __main__ - WARNING - ⚠️ Model doesn't have explicit layers, using fallback
2025-07-23 15:58:56,330 - __main__ - WARNING - ⚠️ Model doesn't have explicit layers, using fallback
2025-07-23 15:58:58,181 - __main__ - WARNING - ⚠️ No valid states for layer 4, using zero vector
2025-07-23 15:58:58,181 - __main__ - WARNING - ⚠️ No valid states for layer 12, using zero vector
2025-07-23 15:58:58,181 - __main__ - WARNING - ⚠️ No valid states for layer 20, using zero vector
2025-07-23 15:58:58,182 - __main__ - INFO - ✅ Created REAL steering tensor with shape: torch.Size([3, 768])
2025-07-23 15:58:58,182 - __main__ - INFO - 🧪 Experiment 14: 5 samples, scale 20.0, layers [4, 12, 20]
2025-07-23 15:58:58,540 - __main__ - ERROR - ❌ Error in generation step 0: Attempting to broadcast a dimension of length 2048 at -1! Mismatching argument at index 1 had torch.Size([1, 11, 2048]); but expected shape should be broadcastable to [1, 1, 768]
2025-07-23 15:58:58,540 - __main__ - INFO - ✅ Security score: 0.000, Quality: 0.000
2025-07-23 15:58:58,540 - __main__ - INFO - 🎯 Creating REAL steering vectors with 5 samples per type
2025-07-23 15:58:58,540 - __main__ - INFO - 📊 Using 5 secure and 5 insecure examples
2025-07-23 15:58:58,893 - __main__ - WARNING - ⚠️ Model doesn't have explicit layers, using fallback
2025-07-23 15:58:58,893 - __main__ - WARNING - ⚠️ Model doesn't have explicit layers, using fallback
2025-07-23 15:58:58,894 - __main__ - WARNING - ⚠️ Model doesn't have explicit layers, using fallback
2025-07-23 15:58:59,262 - __main__ - WARNING - ⚠️ Model doesn't have explicit layers, using fallback
2025-07-23 15:58:59,262 - __main__ - WARNING - ⚠️ Model doesn't have explicit layers, using fallback
2025-07-23 15:58:59,262 - __main__ - WARNING - ⚠️ Model doesn't have explicit layers, using fallback
2025-07-23 15:58:59,629 - __main__ - WARNING - ⚠️ Model doesn't have explicit layers, using fallback
2025-07-23 15:58:59,629 - __main__ - WARNING - ⚠️ Model doesn't have explicit layers, using fallback
2025-07-23 15:58:59,629 - __main__ - WARNING - ⚠️ Model doesn't have explicit layers, using fallback
2025-07-23 15:58:59,997 - __main__ - WARNING - ⚠️ Model doesn't have explicit layers, using fallback
2025-07-23 15:58:59,998 - __main__ - WARNING - ⚠️ Model doesn't have explicit layers, using fallback
2025-07-23 15:58:59,998 - __main__ - WARNING - ⚠️ Model doesn't have explicit layers, using fallback
2025-07-23 15:59:00,362 - __main__ - WARNING - ⚠️ Model doesn't have explicit layers, using fallback
2025-07-23 15:59:00,363 - __main__ - WARNING - ⚠️ Model doesn't have explicit layers, using fallback
2025-07-23 15:59:00,363 - __main__ - WARNING - ⚠️ Model doesn't have explicit layers, using fallback
2025-07-23 15:59:02,211 - __main__ - WARNING - ⚠️ No valid states for layer 4, using zero vector
2025-07-23 15:59:02,211 - __main__ - WARNING - ⚠️ No valid states for layer 12, using zero vector
2025-07-23 15:59:02,212 - __main__ - WARNING - ⚠️ No valid states for layer 20, using zero vector
2025-07-23 15:59:02,212 - __main__ - INFO - ✅ Created REAL steering tensor with shape: torch.Size([3, 768])
2025-07-23 15:59:02,212 - __main__ - INFO - 🧪 Experiment 15: 5 samples, scale 20.0, layers [4, 12, 20]
2025-07-23 15:59:02,570 - __main__ - ERROR - ❌ Error in generation step 0: Attempting to broadcast a dimension of length 2048 at -1! Mismatching argument at index 1 had torch.Size([1, 9, 2048]); but expected shape should be broadcastable to [1, 1, 768]
2025-07-23 15:59:02,570 - __main__ - INFO - ✅ Security score: 0.000, Quality: 0.000
2025-07-23 15:59:02,570 - __main__ - INFO - 🎯 Creating REAL steering vectors with 5 samples per type
2025-07-23 15:59:02,571 - __main__ - INFO - 📊 Using 5 secure and 5 insecure examples
2025-07-23 15:59:02,925 - __main__ - WARNING - ⚠️ Model doesn't have explicit layers, using fallback
2025-07-23 15:59:02,925 - __main__ - WARNING - ⚠️ Model doesn't have explicit layers, using fallback
2025-07-23 15:59:02,926 - __main__ - WARNING - ⚠️ Model doesn't have explicit layers, using fallback
2025-07-23 15:59:03,298 - __main__ - WARNING - ⚠️ Model doesn't have explicit layers, using fallback
2025-07-23 15:59:03,299 - __main__ - WARNING - ⚠️ Model doesn't have explicit layers, using fallback
2025-07-23 15:59:03,299 - __main__ - WARNING - ⚠️ Model doesn't have explicit layers, using fallback
2025-07-23 15:59:03,671 - __main__ - WARNING - ⚠️ Model doesn't have explicit layers, using fallback
2025-07-23 15:59:03,671 - __main__ - WARNING - ⚠️ Model doesn't have explicit layers, using fallback
2025-07-23 15:59:03,671 - __main__ - WARNING - ⚠️ Model doesn't have explicit layers, using fallback
2025-07-23 15:59:04,042 - __main__ - WARNING - ⚠️ Model doesn't have explicit layers, using fallback
2025-07-23 15:59:04,042 - __main__ - WARNING - ⚠️ Model doesn't have explicit layers, using fallback
2025-07-23 15:59:04,042 - __main__ - WARNING - ⚠️ Model doesn't have explicit layers, using fallback
2025-07-23 15:59:04,410 - __main__ - WARNING - ⚠️ Model doesn't have explicit layers, using fallback
2025-07-23 15:59:04,410 - __main__ - WARNING - ⚠️ Model doesn't have explicit layers, using fallback
2025-07-23 15:59:04,410 - __main__ - WARNING - ⚠️ Model doesn't have explicit layers, using fallback
2025-07-23 15:59:06,322 - __main__ - WARNING - ⚠️ No valid states for layer 4, using zero vector
2025-07-23 15:59:06,322 - __main__ - WARNING - ⚠️ No valid states for layer 12, using zero vector
2025-07-23 15:59:06,322 - __main__ - WARNING - ⚠️ No valid states for layer 20, using zero vector
2025-07-23 15:59:06,322 - __main__ - INFO - ✅ Created REAL steering tensor with shape: torch.Size([3, 768])
2025-07-23 15:59:06,322 - __main__ - INFO - 🧪 Experiment 16: 5 samples, scale 20.0, layers [4, 12, 20]
2025-07-23 15:59:06,691 - __main__ - ERROR - ❌ Error in generation step 0: Attempting to broadcast a dimension of length 2048 at -1! Mismatching argument at index 1 had torch.Size([1, 8, 2048]); but expected shape should be broadcastable to [1, 1, 768]
2025-07-23 15:59:06,691 - __main__ - INFO - ✅ Security score: 0.000, Quality: 0.000
2025-07-23 15:59:06,691 - __main__ - INFO - 
==================================================
2025-07-23 15:59:06,691 - __main__ - INFO - Testing with 10 samples per CVE
2025-07-23 15:59:06,691 - __main__ - INFO - ==================================================
2025-07-23 15:59:06,691 - __main__ - INFO - 🎯 Creating REAL steering vectors with 10 samples per type
2025-07-23 15:59:06,691 - __main__ - INFO - 📊 Using 10 secure and 10 insecure examples
2025-07-23 15:59:07,073 - __main__ - WARNING - ⚠️ Model doesn't have explicit layers, using fallback
2025-07-23 15:59:07,073 - __main__ - WARNING - ⚠️ Model doesn't have explicit layers, using fallback
2025-07-23 15:59:07,073 - __main__ - WARNING - ⚠️ Model doesn't have explicit layers, using fallback
2025-07-23 15:59:07,479 - __main__ - WARNING - ⚠️ Model doesn't have explicit layers, using fallback
2025-07-23 15:59:07,480 - __main__ - WARNING - ⚠️ Model doesn't have explicit layers, using fallback
2025-07-23 15:59:07,480 - __main__ - WARNING - ⚠️ Model doesn't have explicit layers, using fallback
2025-07-23 15:59:07,873 - __main__ - WARNING - ⚠️ Model doesn't have explicit layers, using fallback
2025-07-23 15:59:07,873 - __main__ - WARNING - ⚠️ Model doesn't have explicit layers, using fallback
2025-07-23 15:59:07,873 - __main__ - WARNING - ⚠️ Model doesn't have explicit layers, using fallback
2025-07-23 15:59:08,260 - __main__ - WARNING - ⚠️ Model doesn't have explicit layers, using fallback
2025-07-23 15:59:08,260 - __main__ - WARNING - ⚠️ Model doesn't have explicit layers, using fallback
2025-07-23 15:59:08,261 - __main__ - WARNING - ⚠️ Model doesn't have explicit layers, using fallback
2025-07-23 15:59:08,916 - __main__ - WARNING - ⚠️ Model doesn't have explicit layers, using fallback
2025-07-23 15:59:08,916 - __main__ - WARNING - ⚠️ Model doesn't have explicit layers, using fallback
2025-07-23 15:59:08,916 - __main__ - WARNING - ⚠️ Model doesn't have explicit layers, using fallback
2025-07-23 15:59:09,306 - __main__ - WARNING - ⚠️ Model doesn't have explicit layers, using fallback
2025-07-23 15:59:09,306 - __main__ - WARNING - ⚠️ Model doesn't have explicit layers, using fallback
2025-07-23 15:59:09,306 - __main__ - WARNING - ⚠️ Model doesn't have explicit layers, using fallback
2025-07-23 15:59:09,684 - __main__ - WARNING - ⚠️ Model doesn't have explicit layers, using fallback
2025-07-23 15:59:09,685 - __main__ - WARNING - ⚠️ Model doesn't have explicit layers, using fallback
2025-07-23 15:59:09,685 - __main__ - WARNING - ⚠️ Model doesn't have explicit layers, using fallback
2025-07-23 15:59:10,070 - __main__ - WARNING - ⚠️ Model doesn't have explicit layers, using fallback
2025-07-23 15:59:10,070 - __main__ - WARNING - ⚠️ Model doesn't have explicit layers, using fallback
2025-07-23 15:59:10,070 - __main__ - WARNING - ⚠️ Model doesn't have explicit layers, using fallback
2025-07-23 15:59:10,449 - __main__ - WARNING - ⚠️ Model doesn't have explicit layers, using fallback
2025-07-23 15:59:10,449 - __main__ - WARNING - ⚠️ Model doesn't have explicit layers, using fallback
2025-07-23 15:59:10,449 - __main__ - WARNING - ⚠️ Model doesn't have explicit layers, using fallback
2025-07-23 15:59:10,830 - __main__ - WARNING - ⚠️ Model doesn't have explicit layers, using fallback
2025-07-23 15:59:10,830 - __main__ - WARNING - ⚠️ Model doesn't have explicit layers, using fallback
2025-07-23 15:59:10,830 - __main__ - WARNING - ⚠️ Model doesn't have explicit layers, using fallback
2025-07-23 15:59:14,603 - __main__ - WARNING - ⚠️ No valid states for layer 4, using zero vector
2025-07-23 15:59:14,603 - __main__ - WARNING - ⚠️ No valid states for layer 12, using zero vector
2025-07-23 15:59:14,603 - __main__ - WARNING - ⚠️ No valid states for layer 20, using zero vector
2025-07-23 15:59:14,603 - __main__ - INFO - ✅ Created REAL steering tensor with shape: torch.Size([3, 768])
2025-07-23 15:59:14,604 - __main__ - INFO - 🧪 Experiment 17: 10 samples, scale 20.0, layers [4, 12, 20]
2025-07-23 15:59:14,980 - __main__ - ERROR - ❌ Error in generation step 0: Attempting to broadcast a dimension of length 2048 at -1! Mismatching argument at index 1 had torch.Size([1, 14, 2048]); but expected shape should be broadcastable to [1, 1, 768]
2025-07-23 15:59:14,980 - __main__ - INFO - ✅ Security score: 0.000, Quality: 0.000
2025-07-23 15:59:14,980 - __main__ - INFO - 🎯 Creating REAL steering vectors with 10 samples per type
2025-07-23 15:59:14,980 - __main__ - INFO - 📊 Using 10 secure and 10 insecure examples
2025-07-23 15:59:15,349 - __main__ - WARNING - ⚠️ Model doesn't have explicit layers, using fallback
2025-07-23 15:59:15,349 - __main__ - WARNING - ⚠️ Model doesn't have explicit layers, using fallback
2025-07-23 15:59:15,349 - __main__ - WARNING - ⚠️ Model doesn't have explicit layers, using fallback
2025-07-23 15:59:15,727 - __main__ - WARNING - ⚠️ Model doesn't have explicit layers, using fallback
2025-07-23 15:59:15,728 - __main__ - WARNING - ⚠️ Model doesn't have explicit layers, using fallback
2025-07-23 15:59:15,728 - __main__ - WARNING - ⚠️ Model doesn't have explicit layers, using fallback
2025-07-23 15:59:16,097 - __main__ - WARNING - ⚠️ Model doesn't have explicit layers, using fallback
2025-07-23 15:59:16,097 - __main__ - WARNING - ⚠️ Model doesn't have explicit layers, using fallback
2025-07-23 15:59:16,097 - __main__ - WARNING - ⚠️ Model doesn't have explicit layers, using fallback
2025-07-23 15:59:16,466 - __main__ - WARNING - ⚠️ Model doesn't have explicit layers, using fallback
2025-07-23 15:59:16,466 - __main__ - WARNING - ⚠️ Model doesn't have explicit layers, using fallback
2025-07-23 15:59:16,466 - __main__ - WARNING - ⚠️ Model doesn't have explicit layers, using fallback
2025-07-23 15:59:16,841 - __main__ - WARNING - ⚠️ Model doesn't have explicit layers, using fallback
2025-07-23 15:59:16,842 - __main__ - WARNING - ⚠️ Model doesn't have explicit layers, using fallback
2025-07-23 15:59:16,842 - __main__ - WARNING - ⚠️ Model doesn't have explicit layers, using fallback
2025-07-23 15:59:17,216 - __main__ - WARNING - ⚠️ Model doesn't have explicit layers, using fallback
2025-07-23 15:59:17,216 - __main__ - WARNING - ⚠️ Model doesn't have explicit layers, using fallback
2025-07-23 15:59:17,217 - __main__ - WARNING - ⚠️ Model doesn't have explicit layers, using fallback
2025-07-23 15:59:17,594 - __main__ - WARNING - ⚠️ Model doesn't have explicit layers, using fallback
2025-07-23 15:59:17,594 - __main__ - WARNING - ⚠️ Model doesn't have explicit layers, using fallback
2025-07-23 15:59:17,594 - __main__ - WARNING - ⚠️ Model doesn't have explicit layers, using fallback
2025-07-23 15:59:17,966 - __main__ - WARNING - ⚠️ Model doesn't have explicit layers, using fallback
2025-07-23 15:59:17,967 - __main__ - WARNING - ⚠️ Model doesn't have explicit layers, using fallback
2025-07-23 15:59:17,967 - __main__ - WARNING - ⚠️ Model doesn't have explicit layers, using fallback
2025-07-23 15:59:18,354 - __main__ - WARNING - ⚠️ Model doesn't have explicit layers, using fallback
2025-07-23 15:59:18,354 - __main__ - WARNING - ⚠️ Model doesn't have explicit layers, using fallback
2025-07-23 15:59:18,354 - __main__ - WARNING - ⚠️ Model doesn't have explicit layers, using fallback
2025-07-23 15:59:18,726 - __main__ - WARNING - ⚠️ Model doesn't have explicit layers, using fallback
2025-07-23 15:59:18,726 - __main__ - WARNING - ⚠️ Model doesn't have explicit layers, using fallback
2025-07-23 15:59:18,726 - __main__ - WARNING - ⚠️ Model doesn't have explicit layers, using fallback
2025-07-23 15:59:22,484 - __main__ - WARNING - ⚠️ No valid states for layer 4, using zero vector
2025-07-23 15:59:22,485 - __main__ - WARNING - ⚠️ No valid states for layer 12, using zero vector
2025-07-23 15:59:22,485 - __main__ - WARNING - ⚠️ No valid states for layer 20, using zero vector
2025-07-23 15:59:22,485 - __main__ - INFO - ✅ Created REAL steering tensor with shape: torch.Size([3, 768])
2025-07-23 15:59:22,485 - __main__ - INFO - 🧪 Experiment 18: 10 samples, scale 20.0, layers [4, 12, 20]
2025-07-23 15:59:22,846 - __main__ - ERROR - ❌ Error in generation step 0: Attempting to broadcast a dimension of length 2048 at -1! Mismatching argument at index 1 had torch.Size([1, 11, 2048]); but expected shape should be broadcastable to [1, 1, 768]
2025-07-23 15:59:22,846 - __main__ - INFO - ✅ Security score: 0.000, Quality: 0.000
2025-07-23 15:59:22,846 - __main__ - INFO - 🎯 Creating REAL steering vectors with 10 samples per type
2025-07-23 15:59:22,846 - __main__ - INFO - 📊 Using 10 secure and 10 insecure examples
2025-07-23 15:59:23,201 - __main__ - WARNING - ⚠️ Model doesn't have explicit layers, using fallback
2025-07-23 15:59:23,201 - __main__ - WARNING - ⚠️ Model doesn't have explicit layers, using fallback
2025-07-23 15:59:23,202 - __main__ - WARNING - ⚠️ Model doesn't have explicit layers, using fallback
2025-07-23 15:59:23,572 - __main__ - WARNING - ⚠️ Model doesn't have explicit layers, using fallback
2025-07-23 15:59:23,572 - __main__ - WARNING - ⚠️ Model doesn't have explicit layers, using fallback
2025-07-23 15:59:23,572 - __main__ - WARNING - ⚠️ Model doesn't have explicit layers, using fallback
2025-07-23 15:59:23,963 - __main__ - WARNING - ⚠️ Model doesn't have explicit layers, using fallback
2025-07-23 15:59:23,963 - __main__ - WARNING - ⚠️ Model doesn't have explicit layers, using fallback
2025-07-23 15:59:23,963 - __main__ - WARNING - ⚠️ Model doesn't have explicit layers, using fallback
2025-07-23 15:59:24,335 - __main__ - WARNING - ⚠️ Model doesn't have explicit layers, using fallback
2025-07-23 15:59:24,335 - __main__ - WARNING - ⚠️ Model doesn't have explicit layers, using fallback
2025-07-23 15:59:24,335 - __main__ - WARNING - ⚠️ Model doesn't have explicit layers, using fallback
2025-07-23 15:59:24,705 - __main__ - WARNING - ⚠️ Model doesn't have explicit layers, using fallback
2025-07-23 15:59:24,705 - __main__ - WARNING - ⚠️ Model doesn't have explicit layers, using fallback
2025-07-23 15:59:24,705 - __main__ - WARNING - ⚠️ Model doesn't have explicit layers, using fallback
2025-07-23 15:59:25,073 - __main__ - WARNING - ⚠️ Model doesn't have explicit layers, using fallback
2025-07-23 15:59:25,073 - __main__ - WARNING - ⚠️ Model doesn't have explicit layers, using fallback
2025-07-23 15:59:25,073 - __main__ - WARNING - ⚠️ Model doesn't have explicit layers, using fallback
2025-07-23 15:59:25,440 - __main__ - WARNING - ⚠️ Model doesn't have explicit layers, using fallback
2025-07-23 15:59:25,440 - __main__ - WARNING - ⚠️ Model doesn't have explicit layers, using fallback
2025-07-23 15:59:25,441 - __main__ - WARNING - ⚠️ Model doesn't have explicit layers, using fallback
2025-07-23 15:59:25,811 - __main__ - WARNING - ⚠️ Model doesn't have explicit layers, using fallback
2025-07-23 15:59:25,811 - __main__ - WARNING - ⚠️ Model doesn't have explicit layers, using fallback
2025-07-23 15:59:25,811 - __main__ - WARNING - ⚠️ Model doesn't have explicit layers, using fallback
2025-07-23 15:59:26,176 - __main__ - WARNING - ⚠️ Model doesn't have explicit layers, using fallback
2025-07-23 15:59:26,176 - __main__ - WARNING - ⚠️ Model doesn't have explicit layers, using fallback
2025-07-23 15:59:26,176 - __main__ - WARNING - ⚠️ Model doesn't have explicit layers, using fallback
2025-07-23 15:59:26,538 - __main__ - WARNING - ⚠️ Model doesn't have explicit layers, using fallback
2025-07-23 15:59:26,539 - __main__ - WARNING - ⚠️ Model doesn't have explicit layers, using fallback
2025-07-23 15:59:26,539 - __main__ - WARNING - ⚠️ Model doesn't have explicit layers, using fallback
2025-07-23 15:59:30,589 - __main__ - WARNING - ⚠️ No valid states for layer 4, using zero vector
2025-07-23 15:59:30,589 - __main__ - WARNING - ⚠️ No valid states for layer 12, using zero vector
2025-07-23 15:59:30,590 - __main__ - WARNING - ⚠️ No valid states for layer 20, using zero vector
2025-07-23 15:59:30,590 - __main__ - INFO - ✅ Created REAL steering tensor with shape: torch.Size([3, 768])
2025-07-23 15:59:30,590 - __main__ - INFO - 🧪 Experiment 19: 10 samples, scale 20.0, layers [4, 12, 20]
2025-07-23 15:59:30,955 - __main__ - ERROR - ❌ Error in generation step 0: Attempting to broadcast a dimension of length 2048 at -1! Mismatching argument at index 1 had torch.Size([1, 9, 2048]); but expected shape should be broadcastable to [1, 1, 768]
2025-07-23 15:59:30,955 - __main__ - INFO - ✅ Security score: 0.000, Quality: 0.000
2025-07-23 15:59:30,956 - __main__ - INFO - 🎯 Creating REAL steering vectors with 10 samples per type
2025-07-23 15:59:30,956 - __main__ - INFO - 📊 Using 10 secure and 10 insecure examples
2025-07-23 15:59:31,315 - __main__ - WARNING - ⚠️ Model doesn't have explicit layers, using fallback
2025-07-23 15:59:31,315 - __main__ - WARNING - ⚠️ Model doesn't have explicit layers, using fallback
2025-07-23 15:59:31,315 - __main__ - WARNING - ⚠️ Model doesn't have explicit layers, using fallback
2025-07-23 15:59:31,689 - __main__ - WARNING - ⚠️ Model doesn't have explicit layers, using fallback
2025-07-23 15:59:31,689 - __main__ - WARNING - ⚠️ Model doesn't have explicit layers, using fallback
2025-07-23 15:59:31,689 - __main__ - WARNING - ⚠️ Model doesn't have explicit layers, using fallback
2025-07-23 15:59:32,064 - __main__ - WARNING - ⚠️ Model doesn't have explicit layers, using fallback
2025-07-23 15:59:32,065 - __main__ - WARNING - ⚠️ Model doesn't have explicit layers, using fallback
2025-07-23 15:59:32,065 - __main__ - WARNING - ⚠️ Model doesn't have explicit layers, using fallback
2025-07-23 15:59:32,440 - __main__ - WARNING - ⚠️ Model doesn't have explicit layers, using fallback
2025-07-23 15:59:32,440 - __main__ - WARNING - ⚠️ Model doesn't have explicit layers, using fallback
2025-07-23 15:59:32,441 - __main__ - WARNING - ⚠️ Model doesn't have explicit layers, using fallback
2025-07-23 15:59:32,813 - __main__ - WARNING - ⚠️ Model doesn't have explicit layers, using fallback
2025-07-23 15:59:32,813 - __main__ - WARNING - ⚠️ Model doesn't have explicit layers, using fallback
2025-07-23 15:59:32,813 - __main__ - WARNING - ⚠️ Model doesn't have explicit layers, using fallback
2025-07-23 15:59:33,187 - __main__ - WARNING - ⚠️ Model doesn't have explicit layers, using fallback
2025-07-23 15:59:33,187 - __main__ - WARNING - ⚠️ Model doesn't have explicit layers, using fallback
2025-07-23 15:59:33,187 - __main__ - WARNING - ⚠️ Model doesn't have explicit layers, using fallback
2025-07-23 15:59:33,562 - __main__ - WARNING - ⚠️ Model doesn't have explicit layers, using fallback
2025-07-23 15:59:33,563 - __main__ - WARNING - ⚠️ Model doesn't have explicit layers, using fallback
2025-07-23 15:59:33,563 - __main__ - WARNING - ⚠️ Model doesn't have explicit layers, using fallback
2025-07-23 15:59:33,936 - __main__ - WARNING - ⚠️ Model doesn't have explicit layers, using fallback
2025-07-23 15:59:33,936 - __main__ - WARNING - ⚠️ Model doesn't have explicit layers, using fallback
2025-07-23 15:59:33,936 - __main__ - WARNING - ⚠️ Model doesn't have explicit layers, using fallback
2025-07-23 15:59:34,311 - __main__ - WARNING - ⚠️ Model doesn't have explicit layers, using fallback
2025-07-23 15:59:34,311 - __main__ - WARNING - ⚠️ Model doesn't have explicit layers, using fallback
2025-07-23 15:59:34,311 - __main__ - WARNING - ⚠️ Model doesn't have explicit layers, using fallback
2025-07-23 15:59:34,695 - __main__ - WARNING - ⚠️ Model doesn't have explicit layers, using fallback
2025-07-23 15:59:34,695 - __main__ - WARNING - ⚠️ Model doesn't have explicit layers, using fallback
2025-07-23 15:59:34,695 - __main__ - WARNING - ⚠️ Model doesn't have explicit layers, using fallback
2025-07-23 15:59:38,519 - __main__ - WARNING - ⚠️ No valid states for layer 4, using zero vector
2025-07-23 15:59:38,519 - __main__ - WARNING - ⚠️ No valid states for layer 12, using zero vector
2025-07-23 15:59:38,519 - __main__ - WARNING - ⚠️ No valid states for layer 20, using zero vector
2025-07-23 15:59:38,519 - __main__ - INFO - ✅ Created REAL steering tensor with shape: torch.Size([3, 768])
2025-07-23 15:59:38,520 - __main__ - INFO - 🧪 Experiment 20: 10 samples, scale 20.0, layers [4, 12, 20]
2025-07-23 15:59:38,884 - __main__ - ERROR - ❌ Error in generation step 0: Attempting to broadcast a dimension of length 2048 at -1! Mismatching argument at index 1 had torch.Size([1, 8, 2048]); but expected shape should be broadcastable to [1, 1, 768]
2025-07-23 15:59:38,884 - __main__ - INFO - ✅ Security score: 0.000, Quality: 0.000
2025-07-23 15:59:38,884 - __main__ - INFO - ✅ Completed 20 experiments
2025-07-23 15:59:38,884 - __main__ - INFO - 📊 Analyzing real steering sample efficiency results...
2025-07-23 15:59:38,885 - __main__ - INFO - ✅ Analysis completed
2025-07-23 15:59:38,886 - __main__ - INFO - 💾 Saved results to security/sample_efficiency_experiment/real_steering_results_20250723_155938.json
2025-07-23 15:59:38,886 - __main__ - INFO - 📊 Saved analysis to security/sample_efficiency_experiment/real_steering_results_20250723_155938_analysis.json
2025-07-23 15:59:38,886 - __main__ - INFO - 📝 Saved report to security/sample_efficiency_experiment/real_steering_results_20250723_155938_report.md
2025-07-23 16:04:08,717 - __main__ - INFO - 🚀 Loading model: bigcode/starcoderbase-1b
2025-07-23 16:04:09,130 - __main__ - INFO - ✅ Model loaded successfully
2025-07-23 16:04:09,130 - __main__ - INFO - 📊 Model has 24 layers
2025-07-23 16:04:09,130 - __main__ - INFO - 🔒 Creating security examples...
2025-07-23 16:04:09,130 - __main__ - INFO - ✅ Created 4 vulnerability types with examples
2025-07-23 16:04:09,130 - __main__ - INFO - 🔧 Initialized real steering experiment
2025-07-23 16:04:09,130 - __main__ - INFO - 📁 Output directory: security/sample_efficiency_experiment
2025-07-23 16:04:09,131 - __main__ - INFO - 🧪 Sample counts to test: [0, 1, 3, 5, 10]
2025-07-23 16:04:09,131 - __main__ - INFO - ⚡ Steering scales to test: [20.0]
2025-07-23 16:04:09,131 - __main__ - INFO - 🏗️ Layer configs to test: [[4, 12, 20]]
2025-07-23 16:04:09,131 - __main__ - INFO - 🚀 Starting real steering sample efficiency experiment
2025-07-23 16:04:09,131 - __main__ - INFO - 
==================================================
2025-07-23 16:04:09,131 - __main__ - INFO - Testing with 0 samples per CVE
2025-07-23 16:04:09,131 - __main__ - INFO - ==================================================
2025-07-23 16:04:09,131 - __main__ - INFO - 🎯 Creating REAL steering vectors with 0 samples per type
2025-07-23 16:04:09,131 - __main__ - INFO - 🔍 Detected hidden dimension: 2048
2025-07-23 16:04:09,131 - __main__ - INFO - 🎲 Using random steering vectors
2025-07-23 16:04:09,132 - __main__ - INFO - 🧪 Experiment 1: 0 samples, scale 20.0, layers [4, 12, 20]
2025-07-23 16:04:10,125 - __main__ - ERROR - ❌ Error in generation step 0: 'Invoker' object has no attribute 'output'
2025-07-23 16:04:10,125 - __main__ - INFO - ✅ Security score: 0.000, Quality: 0.000
2025-07-23 16:04:10,125 - __main__ - INFO - 🎯 Creating REAL steering vectors with 0 samples per type
2025-07-23 16:04:10,125 - __main__ - INFO - 🔍 Detected hidden dimension: 2048
2025-07-23 16:04:10,125 - __main__ - INFO - 🎲 Using random steering vectors
2025-07-23 16:04:10,126 - __main__ - INFO - 🧪 Experiment 2: 0 samples, scale 20.0, layers [4, 12, 20]
2025-07-23 16:04:10,551 - __main__ - ERROR - ❌ Error in generation step 0: 'Invoker' object has no attribute 'output'
2025-07-23 16:04:10,551 - __main__ - INFO - ✅ Security score: 0.000, Quality: 0.000
2025-07-23 16:04:10,551 - __main__ - INFO - 🎯 Creating REAL steering vectors with 0 samples per type
2025-07-23 16:04:10,551 - __main__ - INFO - 🔍 Detected hidden dimension: 2048
2025-07-23 16:04:10,551 - __main__ - INFO - 🎲 Using random steering vectors
2025-07-23 16:04:10,551 - __main__ - INFO - 🧪 Experiment 3: 0 samples, scale 20.0, layers [4, 12, 20]
2025-07-23 16:04:10,975 - __main__ - ERROR - ❌ Error in generation step 0: 'Invoker' object has no attribute 'output'
2025-07-23 16:04:10,976 - __main__ - INFO - ✅ Security score: 0.000, Quality: 0.000
2025-07-23 16:04:10,976 - __main__ - INFO - 🎯 Creating REAL steering vectors with 0 samples per type
2025-07-23 16:04:10,976 - __main__ - INFO - 🔍 Detected hidden dimension: 2048
2025-07-23 16:04:10,976 - __main__ - INFO - 🎲 Using random steering vectors
2025-07-23 16:04:10,976 - __main__ - INFO - 🧪 Experiment 4: 0 samples, scale 20.0, layers [4, 12, 20]
2025-07-23 16:04:11,413 - __main__ - ERROR - ❌ Error in generation step 0: 'Invoker' object has no attribute 'output'
2025-07-23 16:04:11,414 - __main__ - INFO - ✅ Security score: 0.000, Quality: 0.000
2025-07-23 16:04:11,414 - __main__ - INFO - 
==================================================
2025-07-23 16:04:11,414 - __main__ - INFO - Testing with 1 samples per CVE
2025-07-23 16:04:11,414 - __main__ - INFO - ==================================================
2025-07-23 16:04:11,414 - __main__ - INFO - 🎯 Creating REAL steering vectors with 1 samples per type
2025-07-23 16:04:11,414 - __main__ - INFO - 🔍 Detected hidden dimension: 2048
2025-07-23 16:04:11,414 - __main__ - INFO - 📊 Using 1 secure and 1 insecure examples
2025-07-23 16:04:11,840 - __main__ - ERROR - ❌ Error processing secure example 0: Accessing Proxy value before it's been set.
2025-07-23 16:04:12,267 - __main__ - ERROR - ❌ Error processing insecure example 0: Accessing Proxy value before it's been set.
2025-07-23 16:04:12,268 - __main__ - WARNING - ⚠️ No valid states for layer 4, using zero vector
2025-07-23 16:04:12,268 - __main__ - WARNING - ⚠️ No valid states for layer 12, using zero vector
2025-07-23 16:04:12,268 - __main__ - WARNING - ⚠️ No valid states for layer 20, using zero vector
2025-07-23 16:04:12,268 - __main__ - INFO - ✅ Created REAL steering tensor with shape: torch.Size([3, 2048])
2025-07-23 16:04:12,268 - __main__ - INFO - 🧪 Experiment 5: 1 samples, scale 20.0, layers [4, 12, 20]
2025-07-23 16:04:12,692 - __main__ - ERROR - ❌ Error in generation step 0: 'Invoker' object has no attribute 'output'
2025-07-23 16:04:12,692 - __main__ - INFO - ✅ Security score: 0.000, Quality: 0.000
2025-07-23 16:04:12,692 - __main__ - INFO - 🎯 Creating REAL steering vectors with 1 samples per type
2025-07-23 16:04:12,692 - __main__ - INFO - 🔍 Detected hidden dimension: 2048
2025-07-23 16:04:12,692 - __main__ - INFO - 📊 Using 1 secure and 1 insecure examples
2025-07-23 16:04:13,324 - __main__ - ERROR - ❌ Error processing secure example 0: Accessing Proxy value before it's been set.
2025-07-23 16:04:13,725 - __main__ - ERROR - ❌ Error processing insecure example 0: Accessing Proxy value before it's been set.
2025-07-23 16:04:13,726 - __main__ - WARNING - ⚠️ No valid states for layer 4, using zero vector
2025-07-23 16:04:13,726 - __main__ - WARNING - ⚠️ No valid states for layer 12, using zero vector
2025-07-23 16:04:13,726 - __main__ - WARNING - ⚠️ No valid states for layer 20, using zero vector
2025-07-23 16:04:13,726 - __main__ - INFO - ✅ Created REAL steering tensor with shape: torch.Size([3, 2048])
2025-07-23 16:04:13,726 - __main__ - INFO - 🧪 Experiment 6: 1 samples, scale 20.0, layers [4, 12, 20]
2025-07-23 16:04:14,139 - __main__ - ERROR - ❌ Error in generation step 0: 'Invoker' object has no attribute 'output'
2025-07-23 16:04:14,139 - __main__ - INFO - ✅ Security score: 0.000, Quality: 0.000
2025-07-23 16:04:14,139 - __main__ - INFO - 🎯 Creating REAL steering vectors with 1 samples per type
2025-07-23 16:04:14,139 - __main__ - INFO - 🔍 Detected hidden dimension: 2048
2025-07-23 16:04:14,139 - __main__ - INFO - 📊 Using 1 secure and 1 insecure examples
2025-07-23 16:04:14,559 - __main__ - ERROR - ❌ Error processing secure example 0: Accessing Proxy value before it's been set.
2025-07-23 16:04:14,960 - __main__ - ERROR - ❌ Error processing insecure example 0: Accessing Proxy value before it's been set.
2025-07-23 16:04:14,961 - __main__ - WARNING - ⚠️ No valid states for layer 4, using zero vector
2025-07-23 16:04:14,961 - __main__ - WARNING - ⚠️ No valid states for layer 12, using zero vector
2025-07-23 16:04:14,961 - __main__ - WARNING - ⚠️ No valid states for layer 20, using zero vector
2025-07-23 16:04:14,961 - __main__ - INFO - ✅ Created REAL steering tensor with shape: torch.Size([3, 2048])
2025-07-23 16:04:14,962 - __main__ - INFO - 🧪 Experiment 7: 1 samples, scale 20.0, layers [4, 12, 20]
2025-07-23 16:04:15,374 - __main__ - ERROR - ❌ Error in generation step 0: 'Invoker' object has no attribute 'output'
2025-07-23 16:04:15,374 - __main__ - INFO - ✅ Security score: 0.000, Quality: 0.000
2025-07-23 16:04:15,374 - __main__ - INFO - 🎯 Creating REAL steering vectors with 1 samples per type
2025-07-23 16:04:15,375 - __main__ - INFO - 🔍 Detected hidden dimension: 2048
2025-07-23 16:04:15,375 - __main__ - INFO - 📊 Using 1 secure and 1 insecure examples
2025-07-23 16:04:15,784 - __main__ - ERROR - ❌ Error processing secure example 0: Accessing Proxy value before it's been set.
2025-07-23 16:04:16,196 - __main__ - ERROR - ❌ Error processing insecure example 0: Accessing Proxy value before it's been set.
2025-07-23 16:04:16,196 - __main__ - WARNING - ⚠️ No valid states for layer 4, using zero vector
2025-07-23 16:04:16,196 - __main__ - WARNING - ⚠️ No valid states for layer 12, using zero vector
2025-07-23 16:04:16,196 - __main__ - WARNING - ⚠️ No valid states for layer 20, using zero vector
2025-07-23 16:04:16,196 - __main__ - INFO - ✅ Created REAL steering tensor with shape: torch.Size([3, 2048])
2025-07-23 16:04:16,197 - __main__ - INFO - 🧪 Experiment 8: 1 samples, scale 20.0, layers [4, 12, 20]
2025-07-23 16:04:16,608 - __main__ - ERROR - ❌ Error in generation step 0: 'Invoker' object has no attribute 'output'
2025-07-23 16:04:16,608 - __main__ - INFO - ✅ Security score: 0.000, Quality: 0.000
2025-07-23 16:04:16,608 - __main__ - INFO - 
==================================================
2025-07-23 16:04:16,608 - __main__ - INFO - Testing with 3 samples per CVE
2025-07-23 16:04:16,608 - __main__ - INFO - ==================================================
2025-07-23 16:04:16,608 - __main__ - INFO - 🎯 Creating REAL steering vectors with 3 samples per type
2025-07-23 16:04:16,608 - __main__ - INFO - 🔍 Detected hidden dimension: 2048
2025-07-23 16:04:16,609 - __main__ - INFO - 📊 Using 3 secure and 3 insecure examples
2025-07-23 16:04:17,006 - __main__ - ERROR - ❌ Error processing secure example 0: Accessing Proxy value before it's been set.
2025-07-23 16:04:17,406 - __main__ - ERROR - ❌ Error processing secure example 1: Accessing Proxy value before it's been set.
2025-07-23 16:04:17,804 - __main__ - ERROR - ❌ Error processing secure example 2: Accessing Proxy value before it's been set.
2025-07-23 16:04:18,204 - __main__ - ERROR - ❌ Error processing insecure example 0: Accessing Proxy value before it's been set.
2025-07-23 16:04:18,630 - __main__ - ERROR - ❌ Error processing insecure example 1: Accessing Proxy value before it's been set.
2025-07-23 16:04:19,043 - __main__ - ERROR - ❌ Error processing insecure example 2: Accessing Proxy value before it's been set.
2025-07-23 16:04:19,044 - __main__ - WARNING - ⚠️ No valid states for layer 4, using zero vector
2025-07-23 16:04:19,044 - __main__ - WARNING - ⚠️ No valid states for layer 12, using zero vector
2025-07-23 16:04:19,044 - __main__ - WARNING - ⚠️ No valid states for layer 20, using zero vector
2025-07-23 16:04:19,044 - __main__ - INFO - ✅ Created REAL steering tensor with shape: torch.Size([3, 2048])
2025-07-23 16:04:19,044 - __main__ - INFO - 🧪 Experiment 9: 3 samples, scale 20.0, layers [4, 12, 20]
2025-07-23 16:04:19,451 - __main__ - ERROR - ❌ Error in generation step 0: 'Invoker' object has no attribute 'output'
2025-07-23 16:04:19,451 - __main__ - INFO - ✅ Security score: 0.000, Quality: 0.000
2025-07-23 16:04:19,451 - __main__ - INFO - 🎯 Creating REAL steering vectors with 3 samples per type
2025-07-23 16:04:19,451 - __main__ - INFO - 🔍 Detected hidden dimension: 2048
2025-07-23 16:04:19,451 - __main__ - INFO - 📊 Using 3 secure and 3 insecure examples
2025-07-23 16:04:19,859 - __main__ - ERROR - ❌ Error processing secure example 0: Accessing Proxy value before it's been set.
2025-07-23 16:04:20,261 - __main__ - ERROR - ❌ Error processing secure example 1: Accessing Proxy value before it's been set.
2025-07-23 16:04:20,661 - __main__ - ERROR - ❌ Error processing secure example 2: Accessing Proxy value before it's been set.
2025-07-23 16:04:21,372 - __main__ - ERROR - ❌ Error processing insecure example 0: Accessing Proxy value before it's been set.
2025-07-23 16:04:21,778 - __main__ - ERROR - ❌ Error processing insecure example 1: Accessing Proxy value before it's been set.
2025-07-23 16:04:22,174 - __main__ - ERROR - ❌ Error processing insecure example 2: Accessing Proxy value before it's been set.
2025-07-23 16:04:22,174 - __main__ - WARNING - ⚠️ No valid states for layer 4, using zero vector
2025-07-23 16:04:22,174 - __main__ - WARNING - ⚠️ No valid states for layer 12, using zero vector
2025-07-23 16:04:22,174 - __main__ - WARNING - ⚠️ No valid states for layer 20, using zero vector
2025-07-23 16:04:22,175 - __main__ - INFO - ✅ Created REAL steering tensor with shape: torch.Size([3, 2048])
2025-07-23 16:04:22,175 - __main__ - INFO - 🧪 Experiment 10: 3 samples, scale 20.0, layers [4, 12, 20]
2025-07-23 16:04:22,581 - __main__ - ERROR - ❌ Error in generation step 0: 'Invoker' object has no attribute 'output'
2025-07-23 16:04:22,582 - __main__ - INFO - ✅ Security score: 0.000, Quality: 0.000
2025-07-23 16:04:22,582 - __main__ - INFO - 🎯 Creating REAL steering vectors with 3 samples per type
2025-07-23 16:04:22,582 - __main__ - INFO - 🔍 Detected hidden dimension: 2048
2025-07-23 16:04:22,582 - __main__ - INFO - 📊 Using 3 secure and 3 insecure examples
2025-07-23 16:04:22,990 - __main__ - ERROR - ❌ Error processing secure example 0: Accessing Proxy value before it's been set.
2025-07-23 16:04:23,412 - __main__ - ERROR - ❌ Error processing secure example 1: Accessing Proxy value before it's been set.
2025-07-23 16:04:23,810 - __main__ - ERROR - ❌ Error processing secure example 2: Accessing Proxy value before it's been set.
2025-07-23 16:04:24,207 - __main__ - ERROR - ❌ Error processing insecure example 0: Accessing Proxy value before it's been set.
2025-07-23 16:04:24,604 - __main__ - ERROR - ❌ Error processing insecure example 1: Accessing Proxy value before it's been set.
2025-07-23 16:04:25,003 - __main__ - ERROR - ❌ Error processing insecure example 2: Accessing Proxy value before it's been set.
2025-07-23 16:04:25,004 - __main__ - WARNING - ⚠️ No valid states for layer 4, using zero vector
2025-07-23 16:04:25,004 - __main__ - WARNING - ⚠️ No valid states for layer 12, using zero vector
2025-07-23 16:04:25,004 - __main__ - WARNING - ⚠️ No valid states for layer 20, using zero vector
2025-07-23 16:04:25,004 - __main__ - INFO - ✅ Created REAL steering tensor with shape: torch.Size([3, 2048])
2025-07-23 16:04:25,004 - __main__ - INFO - 🧪 Experiment 11: 3 samples, scale 20.0, layers [4, 12, 20]
2025-07-23 16:04:25,411 - __main__ - ERROR - ❌ Error in generation step 0: 'Invoker' object has no attribute 'output'
2025-07-23 16:04:25,412 - __main__ - INFO - ✅ Security score: 0.000, Quality: 0.000
2025-07-23 16:04:25,412 - __main__ - INFO - 🎯 Creating REAL steering vectors with 3 samples per type
2025-07-23 16:04:25,412 - __main__ - INFO - 🔍 Detected hidden dimension: 2048
2025-07-23 16:04:25,412 - __main__ - INFO - 📊 Using 3 secure and 3 insecure examples
2025-07-23 16:04:25,830 - __main__ - ERROR - ❌ Error processing secure example 0: Accessing Proxy value before it's been set.
2025-07-23 16:04:26,227 - __main__ - ERROR - ❌ Error processing secure example 1: Accessing Proxy value before it's been set.
2025-07-23 16:04:26,623 - __main__ - ERROR - ❌ Error processing secure example 2: Accessing Proxy value before it's been set.
2025-07-23 16:04:27,020 - __main__ - ERROR - ❌ Error processing insecure example 0: Accessing Proxy value before it's been set.
2025-07-23 16:04:27,419 - __main__ - ERROR - ❌ Error processing insecure example 1: Accessing Proxy value before it's been set.
2025-07-23 16:04:27,819 - __main__ - ERROR - ❌ Error processing insecure example 2: Accessing Proxy value before it's been set.
2025-07-23 16:04:27,819 - __main__ - WARNING - ⚠️ No valid states for layer 4, using zero vector
2025-07-23 16:04:27,819 - __main__ - WARNING - ⚠️ No valid states for layer 12, using zero vector
2025-07-23 16:04:27,820 - __main__ - WARNING - ⚠️ No valid states for layer 20, using zero vector
2025-07-23 16:04:27,820 - __main__ - INFO - ✅ Created REAL steering tensor with shape: torch.Size([3, 2048])
2025-07-23 16:04:27,820 - __main__ - INFO - 🧪 Experiment 12: 3 samples, scale 20.0, layers [4, 12, 20]
2025-07-23 16:04:28,235 - __main__ - ERROR - ❌ Error in generation step 0: 'Invoker' object has no attribute 'output'
2025-07-23 16:04:28,235 - __main__ - INFO - ✅ Security score: 0.000, Quality: 0.000
2025-07-23 16:04:28,235 - __main__ - INFO - 
==================================================
2025-07-23 16:04:28,236 - __main__ - INFO - Testing with 5 samples per CVE
2025-07-23 16:04:28,236 - __main__ - INFO - ==================================================
2025-07-23 16:04:28,236 - __main__ - INFO - 🎯 Creating REAL steering vectors with 5 samples per type
2025-07-23 16:04:28,236 - __main__ - INFO - 🔍 Detected hidden dimension: 2048
2025-07-23 16:04:28,236 - __main__ - INFO - 📊 Using 5 secure and 5 insecure examples
2025-07-23 16:04:28,643 - __main__ - ERROR - ❌ Error processing secure example 0: Accessing Proxy value before it's been set.
2025-07-23 16:04:29,052 - __main__ - ERROR - ❌ Error processing secure example 1: Accessing Proxy value before it's been set.
2025-07-23 16:04:29,478 - __main__ - ERROR - ❌ Error processing secure example 2: Accessing Proxy value before it's been set.
2025-07-23 16:04:29,880 - __main__ - ERROR - ❌ Error processing secure example 3: Accessing Proxy value before it's been set.
2025-07-23 16:04:30,564 - __main__ - ERROR - ❌ Error processing secure example 4: Accessing Proxy value before it's been set.
2025-07-23 16:04:30,965 - __main__ - ERROR - ❌ Error processing insecure example 0: Accessing Proxy value before it's been set.
2025-07-23 16:04:31,392 - __main__ - ERROR - ❌ Error processing insecure example 1: Accessing Proxy value before it's been set.
2025-07-23 16:04:31,797 - __main__ - ERROR - ❌ Error processing insecure example 2: Accessing Proxy value before it's been set.
2025-07-23 16:04:32,209 - __main__ - ERROR - ❌ Error processing insecure example 3: Accessing Proxy value before it's been set.
2025-07-23 16:04:32,612 - __main__ - ERROR - ❌ Error processing insecure example 4: Accessing Proxy value before it's been set.
2025-07-23 16:04:32,613 - __main__ - WARNING - ⚠️ No valid states for layer 4, using zero vector
2025-07-23 16:04:32,613 - __main__ - WARNING - ⚠️ No valid states for layer 12, using zero vector
2025-07-23 16:04:32,613 - __main__ - WARNING - ⚠️ No valid states for layer 20, using zero vector
2025-07-23 16:04:32,613 - __main__ - INFO - ✅ Created REAL steering tensor with shape: torch.Size([3, 2048])
2025-07-23 16:04:32,614 - __main__ - INFO - 🧪 Experiment 13: 5 samples, scale 20.0, layers [4, 12, 20]
2025-07-23 16:04:33,023 - __main__ - ERROR - ❌ Error in generation step 0: 'Invoker' object has no attribute 'output'
2025-07-23 16:04:33,023 - __main__ - INFO - ✅ Security score: 0.000, Quality: 0.000
2025-07-23 16:04:33,023 - __main__ - INFO - 🎯 Creating REAL steering vectors with 5 samples per type
2025-07-23 16:04:33,023 - __main__ - INFO - 🔍 Detected hidden dimension: 2048
2025-07-23 16:04:33,023 - __main__ - INFO - 📊 Using 5 secure and 5 insecure examples
2025-07-23 16:04:33,427 - __main__ - ERROR - ❌ Error processing secure example 0: Accessing Proxy value before it's been set.
2025-07-23 16:04:33,830 - __main__ - ERROR - ❌ Error processing secure example 1: Accessing Proxy value before it's been set.
2025-07-23 16:04:34,233 - __main__ - ERROR - ❌ Error processing secure example 2: Accessing Proxy value before it's been set.
2025-07-23 16:04:34,637 - __main__ - ERROR - ❌ Error processing secure example 3: Accessing Proxy value before it's been set.
2025-07-23 16:04:35,040 - __main__ - ERROR - ❌ Error processing secure example 4: Accessing Proxy value before it's been set.
2025-07-23 16:04:35,452 - __main__ - ERROR - ❌ Error processing insecure example 0: Accessing Proxy value before it's been set.
2025-07-23 16:04:35,858 - __main__ - ERROR - ❌ Error processing insecure example 1: Accessing Proxy value before it's been set.
2025-07-23 16:04:36,250 - __main__ - ERROR - ❌ Error processing insecure example 2: Accessing Proxy value before it's been set.
2025-07-23 16:04:36,636 - __main__ - ERROR - ❌ Error processing insecure example 3: Accessing Proxy value before it's been set.
2025-07-23 16:04:37,023 - __main__ - ERROR - ❌ Error processing insecure example 4: Accessing Proxy value before it's been set.
2025-07-23 16:04:37,024 - __main__ - WARNING - ⚠️ No valid states for layer 4, using zero vector
2025-07-23 16:04:37,024 - __main__ - WARNING - ⚠️ No valid states for layer 12, using zero vector
2025-07-23 16:04:37,024 - __main__ - WARNING - ⚠️ No valid states for layer 20, using zero vector
2025-07-23 16:04:37,024 - __main__ - INFO - ✅ Created REAL steering tensor with shape: torch.Size([3, 2048])
2025-07-23 16:04:37,024 - __main__ - INFO - 🧪 Experiment 14: 5 samples, scale 20.0, layers [4, 12, 20]
2025-07-23 16:04:37,421 - __main__ - ERROR - ❌ Error in generation step 0: 'Invoker' object has no attribute 'output'
2025-07-23 16:04:37,421 - __main__ - INFO - ✅ Security score: 0.000, Quality: 0.000
2025-07-23 16:04:37,421 - __main__ - INFO - 🎯 Creating REAL steering vectors with 5 samples per type
2025-07-23 16:04:37,421 - __main__ - INFO - 🔍 Detected hidden dimension: 2048
2025-07-23 16:04:37,421 - __main__ - INFO - 📊 Using 5 secure and 5 insecure examples
2025-07-23 16:04:37,808 - __main__ - ERROR - ❌ Error processing secure example 0: Accessing Proxy value before it's been set.
2025-07-23 16:04:38,195 - __main__ - ERROR - ❌ Error processing secure example 1: Accessing Proxy value before it's been set.
2025-07-23 16:04:38,582 - __main__ - ERROR - ❌ Error processing secure example 2: Accessing Proxy value before it's been set.
2025-07-23 16:04:38,968 - __main__ - ERROR - ❌ Error processing secure example 3: Accessing Proxy value before it's been set.
2025-07-23 16:04:39,356 - __main__ - ERROR - ❌ Error processing secure example 4: Accessing Proxy value before it's been set.
2025-07-23 16:04:40,025 - __main__ - ERROR - ❌ Error processing insecure example 0: Accessing Proxy value before it's been set.
2025-07-23 16:04:40,413 - __main__ - ERROR - ❌ Error processing insecure example 1: Accessing Proxy value before it's been set.
2025-07-23 16:04:40,800 - __main__ - ERROR - ❌ Error processing insecure example 2: Accessing Proxy value before it's been set.
2025-07-23 16:04:41,186 - __main__ - ERROR - ❌ Error processing insecure example 3: Accessing Proxy value before it's been set.
2025-07-23 16:04:41,574 - __main__ - ERROR - ❌ Error processing insecure example 4: Accessing Proxy value before it's been set.
2025-07-23 16:04:41,575 - __main__ - WARNING - ⚠️ No valid states for layer 4, using zero vector
2025-07-23 16:04:41,575 - __main__ - WARNING - ⚠️ No valid states for layer 12, using zero vector
2025-07-23 16:04:41,575 - __main__ - WARNING - ⚠️ No valid states for layer 20, using zero vector
2025-07-23 16:04:41,576 - __main__ - INFO - ✅ Created REAL steering tensor with shape: torch.Size([3, 2048])
2025-07-23 16:04:41,576 - __main__ - INFO - 🧪 Experiment 15: 5 samples, scale 20.0, layers [4, 12, 20]
2025-07-23 16:04:41,975 - __main__ - ERROR - ❌ Error in generation step 0: 'Invoker' object has no attribute 'output'
2025-07-23 16:04:41,975 - __main__ - INFO - ✅ Security score: 0.000, Quality: 0.000
2025-07-23 16:04:41,975 - __main__ - INFO - 🎯 Creating REAL steering vectors with 5 samples per type
2025-07-23 16:04:41,975 - __main__ - INFO - 🔍 Detected hidden dimension: 2048
2025-07-23 16:04:41,975 - __main__ - INFO - 📊 Using 5 secure and 5 insecure examples
2025-07-23 16:04:42,364 - __main__ - ERROR - ❌ Error processing secure example 0: Accessing Proxy value before it's been set.
2025-07-23 16:04:42,750 - __main__ - ERROR - ❌ Error processing secure example 1: Accessing Proxy value before it's been set.
2025-07-23 16:04:43,137 - __main__ - ERROR - ❌ Error processing secure example 2: Accessing Proxy value before it's been set.
2025-07-23 16:04:43,525 - __main__ - ERROR - ❌ Error processing secure example 3: Accessing Proxy value before it's been set.
2025-07-23 16:04:43,912 - __main__ - ERROR - ❌ Error processing secure example 4: Accessing Proxy value before it's been set.
2025-07-23 16:04:44,301 - __main__ - ERROR - ❌ Error processing insecure example 0: Accessing Proxy value before it's been set.
2025-07-23 16:04:44,690 - __main__ - ERROR - ❌ Error processing insecure example 1: Accessing Proxy value before it's been set.
2025-07-23 16:04:45,079 - __main__ - ERROR - ❌ Error processing insecure example 2: Accessing Proxy value before it's been set.
2025-07-23 16:04:45,468 - __main__ - ERROR - ❌ Error processing insecure example 3: Accessing Proxy value before it's been set.
2025-07-23 16:04:45,856 - __main__ - ERROR - ❌ Error processing insecure example 4: Accessing Proxy value before it's been set.
2025-07-23 16:04:45,857 - __main__ - WARNING - ⚠️ No valid states for layer 4, using zero vector
2025-07-23 16:04:45,857 - __main__ - WARNING - ⚠️ No valid states for layer 12, using zero vector
2025-07-23 16:04:45,857 - __main__ - WARNING - ⚠️ No valid states for layer 20, using zero vector
2025-07-23 16:04:45,857 - __main__ - INFO - ✅ Created REAL steering tensor with shape: torch.Size([3, 2048])
2025-07-23 16:04:45,857 - __main__ - INFO - 🧪 Experiment 16: 5 samples, scale 20.0, layers [4, 12, 20]
2025-07-23 16:04:46,256 - __main__ - ERROR - ❌ Error in generation step 0: 'Invoker' object has no attribute 'output'
2025-07-23 16:04:46,256 - __main__ - INFO - ✅ Security score: 0.000, Quality: 0.000
2025-07-23 16:04:46,256 - __main__ - INFO - 
==================================================
2025-07-23 16:04:46,256 - __main__ - INFO - Testing with 10 samples per CVE
2025-07-23 16:04:46,256 - __main__ - INFO - ==================================================
2025-07-23 16:04:46,256 - __main__ - INFO - 🎯 Creating REAL steering vectors with 10 samples per type
2025-07-23 16:04:46,256 - __main__ - INFO - 🔍 Detected hidden dimension: 2048
2025-07-23 16:04:46,256 - __main__ - INFO - 📊 Using 10 secure and 10 insecure examples
2025-07-23 16:04:46,666 - __main__ - ERROR - ❌ Error processing secure example 0: Accessing Proxy value before it's been set.
2025-07-23 16:04:47,054 - __main__ - ERROR - ❌ Error processing secure example 1: Accessing Proxy value before it's been set.
2025-07-23 16:04:47,442 - __main__ - ERROR - ❌ Error processing secure example 2: Accessing Proxy value before it's been set.
2025-07-23 16:04:47,828 - __main__ - ERROR - ❌ Error processing secure example 3: Accessing Proxy value before it's been set.
2025-07-23 16:04:48,215 - __main__ - ERROR - ❌ Error processing secure example 4: Accessing Proxy value before it's been set.
2025-07-23 16:04:48,898 - __main__ - ERROR - ❌ Error processing secure example 5: Accessing Proxy value before it's been set.
2025-07-23 16:04:49,302 - __main__ - ERROR - ❌ Error processing secure example 6: Accessing Proxy value before it's been set.
2025-07-23 16:04:49,710 - __main__ - ERROR - ❌ Error processing secure example 7: Accessing Proxy value before it's been set.
2025-07-23 16:04:50,125 - __main__ - ERROR - ❌ Error processing secure example 8: Accessing Proxy value before it's been set.
2025-07-23 16:04:50,531 - __main__ - ERROR - ❌ Error processing secure example 9: Accessing Proxy value before it's been set.
2025-07-23 16:04:50,931 - __main__ - ERROR - ❌ Error processing insecure example 0: Accessing Proxy value before it's been set.
2025-07-23 16:04:51,328 - __main__ - ERROR - ❌ Error processing insecure example 1: Accessing Proxy value before it's been set.
2025-07-23 16:04:51,721 - __main__ - ERROR - ❌ Error processing insecure example 2: Accessing Proxy value before it's been set.
2025-07-23 16:04:52,111 - __main__ - ERROR - ❌ Error processing insecure example 3: Accessing Proxy value before it's been set.
2025-07-23 16:04:52,513 - __main__ - ERROR - ❌ Error processing insecure example 4: Accessing Proxy value before it's been set.
2025-07-23 16:04:52,915 - __main__ - ERROR - ❌ Error processing insecure example 5: Accessing Proxy value before it's been set.
2025-07-23 16:04:53,321 - __main__ - ERROR - ❌ Error processing insecure example 6: Accessing Proxy value before it's been set.
2025-07-23 16:04:53,724 - __main__ - ERROR - ❌ Error processing insecure example 7: Accessing Proxy value before it's been set.
2025-07-23 16:04:54,127 - __main__ - ERROR - ❌ Error processing insecure example 8: Accessing Proxy value before it's been set.
2025-07-23 16:04:54,541 - __main__ - ERROR - ❌ Error processing insecure example 9: Accessing Proxy value before it's been set.
2025-07-23 16:04:54,542 - __main__ - WARNING - ⚠️ No valid states for layer 4, using zero vector
2025-07-23 16:04:54,542 - __main__ - WARNING - ⚠️ No valid states for layer 12, using zero vector
2025-07-23 16:04:54,542 - __main__ - WARNING - ⚠️ No valid states for layer 20, using zero vector
2025-07-23 16:04:54,542 - __main__ - INFO - ✅ Created REAL steering tensor with shape: torch.Size([3, 2048])
2025-07-23 16:04:54,542 - __main__ - INFO - 🧪 Experiment 17: 10 samples, scale 20.0, layers [4, 12, 20]
2025-07-23 16:04:54,969 - __main__ - ERROR - ❌ Error in generation step 0: 'Invoker' object has no attribute 'output'
2025-07-23 16:04:54,970 - __main__ - INFO - ✅ Security score: 0.000, Quality: 0.000
2025-07-23 16:04:54,970 - __main__ - INFO - 🎯 Creating REAL steering vectors with 10 samples per type
2025-07-23 16:04:54,970 - __main__ - INFO - 🔍 Detected hidden dimension: 2048
2025-07-23 16:04:54,970 - __main__ - INFO - 📊 Using 10 secure and 10 insecure examples
2025-07-23 16:04:55,373 - __main__ - ERROR - ❌ Error processing secure example 0: Accessing Proxy value before it's been set.
2025-07-23 16:04:55,772 - __main__ - ERROR - ❌ Error processing secure example 1: Accessing Proxy value before it's been set.
2025-07-23 16:04:56,174 - __main__ - ERROR - ❌ Error processing secure example 2: Accessing Proxy value before it's been set.
2025-07-23 16:04:56,581 - __main__ - ERROR - ❌ Error processing secure example 3: Accessing Proxy value before it's been set.
2025-07-23 16:04:56,984 - __main__ - ERROR - ❌ Error processing secure example 4: Accessing Proxy value before it's been set.
2025-07-23 16:04:57,683 - __main__ - ERROR - ❌ Error processing secure example 5: Accessing Proxy value before it's been set.
2025-07-23 16:04:58,088 - __main__ - ERROR - ❌ Error processing secure example 6: Accessing Proxy value before it's been set.
2025-07-23 16:04:58,492 - __main__ - ERROR - ❌ Error processing secure example 7: Accessing Proxy value before it's been set.
2025-07-23 16:04:58,886 - __main__ - ERROR - ❌ Error processing secure example 8: Accessing Proxy value before it's been set.
2025-07-23 16:04:59,286 - __main__ - ERROR - ❌ Error processing secure example 9: Accessing Proxy value before it's been set.
2025-07-23 16:04:59,688 - __main__ - ERROR - ❌ Error processing insecure example 0: Accessing Proxy value before it's been set.
2025-07-23 16:05:00,096 - __main__ - ERROR - ❌ Error processing insecure example 1: Accessing Proxy value before it's been set.
2025-07-23 16:05:00,495 - __main__ - ERROR - ❌ Error processing insecure example 2: Accessing Proxy value before it's been set.
2025-07-23 16:05:00,891 - __main__ - ERROR - ❌ Error processing insecure example 3: Accessing Proxy value before it's been set.
2025-07-23 16:05:01,292 - __main__ - ERROR - ❌ Error processing insecure example 4: Accessing Proxy value before it's been set.
2025-07-23 16:05:01,692 - __main__ - ERROR - ❌ Error processing insecure example 5: Accessing Proxy value before it's been set.
2025-07-23 16:05:02,092 - __main__ - ERROR - ❌ Error processing insecure example 6: Accessing Proxy value before it's been set.
2025-07-23 16:05:02,491 - __main__ - ERROR - ❌ Error processing insecure example 7: Accessing Proxy value before it's been set.
2025-07-23 16:05:02,892 - __main__ - ERROR - ❌ Error processing insecure example 8: Accessing Proxy value before it's been set.
2025-07-23 16:05:03,290 - __main__ - ERROR - ❌ Error processing insecure example 9: Accessing Proxy value before it's been set.
2025-07-23 16:05:03,291 - __main__ - WARNING - ⚠️ No valid states for layer 4, using zero vector
2025-07-23 16:05:03,291 - __main__ - WARNING - ⚠️ No valid states for layer 12, using zero vector
2025-07-23 16:05:03,291 - __main__ - WARNING - ⚠️ No valid states for layer 20, using zero vector
2025-07-23 16:05:03,291 - __main__ - INFO - ✅ Created REAL steering tensor with shape: torch.Size([3, 2048])
2025-07-23 16:05:03,291 - __main__ - INFO - 🧪 Experiment 18: 10 samples, scale 20.0, layers [4, 12, 20]
2025-07-23 16:05:03,699 - __main__ - ERROR - ❌ Error in generation step 0: 'Invoker' object has no attribute 'output'
2025-07-23 16:05:03,699 - __main__ - INFO - ✅ Security score: 0.000, Quality: 0.000
2025-07-23 16:05:03,699 - __main__ - INFO - 🎯 Creating REAL steering vectors with 10 samples per type
2025-07-23 16:05:03,699 - __main__ - INFO - 🔍 Detected hidden dimension: 2048
2025-07-23 16:05:03,700 - __main__ - INFO - 📊 Using 10 secure and 10 insecure examples
2025-07-23 16:05:04,096 - __main__ - ERROR - ❌ Error processing secure example 0: Accessing Proxy value before it's been set.
2025-07-23 16:05:04,508 - __main__ - ERROR - ❌ Error processing secure example 1: Accessing Proxy value before it's been set.
2025-07-23 16:05:04,908 - __main__ - ERROR - ❌ Error processing secure example 2: Accessing Proxy value before it's been set.
2025-07-23 16:05:05,314 - __main__ - ERROR - ❌ Error processing secure example 3: Accessing Proxy value before it's been set.
2025-07-23 16:05:05,705 - __main__ - ERROR - ❌ Error processing secure example 4: Accessing Proxy value before it's been set.
2025-07-23 16:05:06,092 - __main__ - ERROR - ❌ Error processing secure example 5: Accessing Proxy value before it's been set.
2025-07-23 16:05:06,486 - __main__ - ERROR - ❌ Error processing secure example 6: Accessing Proxy value before it's been set.
2025-07-23 16:05:07,128 - __main__ - ERROR - ❌ Error processing secure example 7: Accessing Proxy value before it's been set.
2025-07-23 16:05:07,516 - __main__ - ERROR - ❌ Error processing secure example 8: Accessing Proxy value before it's been set.
2025-07-23 16:05:07,906 - __main__ - ERROR - ❌ Error processing secure example 9: Accessing Proxy value before it's been set.
2025-07-23 16:05:08,305 - __main__ - ERROR - ❌ Error processing insecure example 0: Accessing Proxy value before it's been set.
2025-07-23 16:05:08,702 - __main__ - ERROR - ❌ Error processing insecure example 1: Accessing Proxy value before it's been set.
2025-07-23 16:05:09,101 - __main__ - ERROR - ❌ Error processing insecure example 2: Accessing Proxy value before it's been set.
2025-07-23 16:05:09,492 - __main__ - ERROR - ❌ Error processing insecure example 3: Accessing Proxy value before it's been set.
2025-07-23 16:05:09,879 - __main__ - ERROR - ❌ Error processing insecure example 4: Accessing Proxy value before it's been set.
2025-07-23 16:05:10,270 - __main__ - ERROR - ❌ Error processing insecure example 5: Accessing Proxy value before it's been set.
2025-07-23 16:05:10,681 - __main__ - ERROR - ❌ Error processing insecure example 6: Accessing Proxy value before it's been set.
2025-07-23 16:05:11,089 - __main__ - ERROR - ❌ Error processing insecure example 7: Accessing Proxy value before it's been set.
2025-07-23 16:05:11,503 - __main__ - ERROR - ❌ Error processing insecure example 8: Accessing Proxy value before it's been set.
2025-07-23 16:05:11,925 - __main__ - ERROR - ❌ Error processing insecure example 9: Accessing Proxy value before it's been set.
2025-07-23 16:05:11,926 - __main__ - WARNING - ⚠️ No valid states for layer 4, using zero vector
2025-07-23 16:05:11,926 - __main__ - WARNING - ⚠️ No valid states for layer 12, using zero vector
2025-07-23 16:05:11,926 - __main__ - WARNING - ⚠️ No valid states for layer 20, using zero vector
2025-07-23 16:05:11,926 - __main__ - INFO - ✅ Created REAL steering tensor with shape: torch.Size([3, 2048])
2025-07-23 16:05:11,926 - __main__ - INFO - 🧪 Experiment 19: 10 samples, scale 20.0, layers [4, 12, 20]
2025-07-23 16:05:12,342 - __main__ - ERROR - ❌ Error in generation step 0: 'Invoker' object has no attribute 'output'
2025-07-23 16:05:12,343 - __main__ - INFO - ✅ Security score: 0.000, Quality: 0.000
2025-07-23 16:05:12,343 - __main__ - INFO - 🎯 Creating REAL steering vectors with 10 samples per type
2025-07-23 16:05:12,343 - __main__ - INFO - 🔍 Detected hidden dimension: 2048
2025-07-23 16:05:12,343 - __main__ - INFO - 📊 Using 10 secure and 10 insecure examples
2025-07-23 16:05:12,742 - __main__ - ERROR - ❌ Error processing secure example 0: Accessing Proxy value before it's been set.
2025-07-23 16:05:13,146 - __main__ - ERROR - ❌ Error processing secure example 1: Accessing Proxy value before it's been set.
2025-07-23 16:05:13,548 - __main__ - ERROR - ❌ Error processing secure example 2: Accessing Proxy value before it's been set.
2025-07-23 16:05:13,958 - __main__ - ERROR - ❌ Error processing secure example 3: Accessing Proxy value before it's been set.
2025-07-23 16:05:14,350 - __main__ - ERROR - ❌ Error processing secure example 4: Accessing Proxy value before it's been set.
2025-07-23 16:05:14,752 - __main__ - ERROR - ❌ Error processing secure example 5: Accessing Proxy value before it's been set.
2025-07-23 16:05:15,155 - __main__ - ERROR - ❌ Error processing secure example 6: Accessing Proxy value before it's been set.
2025-07-23 16:05:15,558 - __main__ - ERROR - ❌ Error processing secure example 7: Accessing Proxy value before it's been set.
2025-07-23 16:05:15,959 - __main__ - ERROR - ❌ Error processing secure example 8: Accessing Proxy value before it's been set.
2025-07-23 16:05:16,361 - __main__ - ERROR - ❌ Error processing secure example 9: Accessing Proxy value before it's been set.
2025-07-23 16:05:17,009 - __main__ - ERROR - ❌ Error processing insecure example 0: Accessing Proxy value before it's been set.
2025-07-23 16:05:17,415 - __main__ - ERROR - ❌ Error processing insecure example 1: Accessing Proxy value before it's been set.
2025-07-23 16:05:17,817 - __main__ - ERROR - ❌ Error processing insecure example 2: Accessing Proxy value before it's been set.
2025-07-23 16:05:18,219 - __main__ - ERROR - ❌ Error processing insecure example 3: Accessing Proxy value before it's been set.
2025-07-23 16:05:18,620 - __main__ - ERROR - ❌ Error processing insecure example 4: Accessing Proxy value before it's been set.
2025-07-23 16:05:19,022 - __main__ - ERROR - ❌ Error processing insecure example 5: Accessing Proxy value before it's been set.
2025-07-23 16:05:19,422 - __main__ - ERROR - ❌ Error processing insecure example 6: Accessing Proxy value before it's been set.
2025-07-23 16:05:19,822 - __main__ - ERROR - ❌ Error processing insecure example 7: Accessing Proxy value before it's been set.
2025-07-23 16:05:20,221 - __main__ - ERROR - ❌ Error processing insecure example 8: Accessing Proxy value before it's been set.
2025-07-23 16:05:20,625 - __main__ - ERROR - ❌ Error processing insecure example 9: Accessing Proxy value before it's been set.
2025-07-23 16:05:20,626 - __main__ - WARNING - ⚠️ No valid states for layer 4, using zero vector
2025-07-23 16:05:20,626 - __main__ - WARNING - ⚠️ No valid states for layer 12, using zero vector
2025-07-23 16:05:20,626 - __main__ - WARNING - ⚠️ No valid states for layer 20, using zero vector
2025-07-23 16:05:20,626 - __main__ - INFO - ✅ Created REAL steering tensor with shape: torch.Size([3, 2048])
2025-07-23 16:05:20,626 - __main__ - INFO - 🧪 Experiment 20: 10 samples, scale 20.0, layers [4, 12, 20]
2025-07-23 16:05:21,032 - __main__ - ERROR - ❌ Error in generation step 0: 'Invoker' object has no attribute 'output'
2025-07-23 16:05:21,032 - __main__ - INFO - ✅ Security score: 0.000, Quality: 0.000
2025-07-23 16:05:21,032 - __main__ - INFO - ✅ Completed 20 experiments
2025-07-23 16:05:21,032 - __main__ - INFO - 📊 Analyzing real steering sample efficiency results...
2025-07-23 16:05:21,033 - __main__ - INFO - ✅ Analysis completed
2025-07-23 16:05:21,034 - __main__ - INFO - 💾 Saved results to security/sample_efficiency_experiment/real_steering_results_20250723_160521.json
2025-07-23 16:05:21,035 - __main__ - INFO - 📊 Saved analysis to security/sample_efficiency_experiment/real_steering_results_20250723_160521_analysis.json
2025-07-23 16:05:21,035 - __main__ - INFO - 📝 Saved report to security/sample_efficiency_experiment/real_steering_results_20250723_160521_report.md
