2025-03-07 12:37:02,837 - __main__ - INFO - Starting optimized security bias experiment with model: bigcode/starcoder
2025-03-07 12:37:02,837 - __main__ - INFO - Experiment configuration:
2025-03-07 12:37:02,837 - __main__ - INFO -   Vulnerability types: ['sql_injection', 'xss', 'path_traversal', 'command_injection', 'buffer_overflow', 'use_after_free', 'integer_overflow', 'hardcoded_credentials']
2025-03-07 12:37:02,837 - __main__ - INFO -   Bias configurations: [{'base': 0.0, 'temp': 0.7, 'name': 'no_bias'}, {'base': 1.0, 'temp': 0.8, 'name': 'low_bias'}, {'base': 3.0, 'temp': 0.6, 'name': 'high_bias'}]
2025-03-07 12:37:02,838 - __main__ - INFO -   Pattern multipliers: {'individual_tokens': 0.8, 'partial_patterns': 1.5, 'complete_patterns': 2.5}
2025-03-07 12:37:02,838 - __main__ - INFO -   Examples per type: 10
2025-03-07 12:37:02,838 - __main__ - INFO -   Trials per example: 5
2025-03-07 12:37:02,838 - __main__ - INFO - Loading examples from SecLLMHolmes dataset
2025-03-07 12:37:02,838 - __main__ - INFO - Loaded 1 examples for sql_injection
2025-03-07 12:37:02,839 - __main__ - INFO - Loaded 1 examples for xss
2025-03-07 12:37:02,839 - __main__ - INFO - Loaded 1 examples for path_traversal
2025-03-07 12:37:02,839 - __main__ - INFO - Loaded 1 examples for command_injection
2025-03-07 12:37:02,839 - __main__ - INFO - Loaded 0 examples for buffer_overflow
2025-03-07 12:37:02,840 - __main__ - INFO - Loaded 1 examples for use_after_free
2025-03-07 12:37:02,840 - __main__ - INFO - Loaded 1 examples for integer_overflow
2025-03-07 12:37:02,840 - __main__ - INFO - Loaded 1 examples for hardcoded_credentials
2025-03-07 12:37:02,840 - __main__ - WARNING - No examples found for buffer_overflow
2025-03-07 12:37:02,840 - __main__ - INFO - Loading model: bigcode/starcoder
2025-03-07 12:37:03,193 - __main__ - INFO - Attempting to load with 8-bit quantization
2025-03-07 12:37:04,812 - accelerate.utils.modeling - INFO - We will use 90% of the memory on device 0 for storing the model, and 10% for the buffer to avoid OOM. You can set `max_memory` in to a higher value to use more memory (at your own risk).
2025-03-07 12:38:34,834 - __main__ - INFO - Using 8-bit quantized model
2025-03-07 12:38:34,834 - __main__ - INFO - Model loaded successfully!
2025-03-07 12:38:34,834 - __main__ - INFO - Running experiment
2025-03-07 12:38:34,834 - __main__ - INFO - Processing vulnerability type: sql_injection
2025-03-07 12:38:34,834 - __main__ - INFO -   Example 1/1
2025-03-07 12:38:34,834 - __main__ - INFO -     Config: no_bias, Trial: 1/5
2025-03-07 12:38:38,785 - __main__ - INFO -     Config: no_bias, Trial: 2/5
2025-03-07 12:38:44,611 - __main__ - INFO -     Config: no_bias, Trial: 3/5
2025-03-07 12:38:48,134 - __main__ - INFO -     Config: no_bias, Trial: 4/5
2025-03-07 12:38:51,247 - __main__ - INFO -     Config: no_bias, Trial: 5/5
2025-03-07 12:38:57,049 - __main__ - INFO - Results saved to security/optimized_experiment_results_1741351137_intermediate.json
2025-03-07 12:38:57,049 - __main__ - INFO -     Config: low_bias, Trial: 1/5
2025-03-07 12:38:58,144 - __main__ - INFO -     Config: low_bias, Trial: 2/5
2025-03-07 12:38:59,241 - __main__ - INFO -     Config: low_bias, Trial: 3/5
2025-03-07 12:39:00,277 - __main__ - INFO -     Config: low_bias, Trial: 4/5
2025-03-07 12:39:01,368 - __main__ - INFO -     Config: low_bias, Trial: 5/5
2025-03-07 12:39:02,399 - __main__ - INFO - Results saved to security/optimized_experiment_results_1741351142_intermediate.json
2025-03-07 12:39:02,399 - __main__ - INFO -     Config: high_bias, Trial: 1/5
2025-03-07 12:39:08,741 - __main__ - INFO -     Config: high_bias, Trial: 2/5
2025-03-07 12:39:15,013 - __main__ - INFO -     Config: high_bias, Trial: 3/5
2025-03-07 12:39:21,157 - __main__ - INFO -     Config: high_bias, Trial: 4/5
2025-03-07 12:39:27,337 - __main__ - INFO -     Config: high_bias, Trial: 5/5
2025-03-07 12:39:33,624 - __main__ - INFO - Results saved to security/optimized_experiment_results_1741351173_intermediate.json
2025-03-07 12:39:33,624 - __main__ - INFO - Processing vulnerability type: xss
2025-03-07 12:39:33,624 - __main__ - INFO -   Example 1/1
2025-03-07 12:39:33,624 - __main__ - INFO -     Config: no_bias, Trial: 1/5
2025-03-07 12:39:39,472 - __main__ - INFO -     Config: no_bias, Trial: 2/5
2025-03-07 12:39:45,405 - __main__ - INFO -     Config: no_bias, Trial: 3/5
2025-03-07 12:39:47,862 - __main__ - INFO -     Config: no_bias, Trial: 4/5
2025-03-07 12:39:51,066 - __main__ - INFO -     Config: no_bias, Trial: 5/5
2025-03-07 12:39:56,708 - __main__ - INFO - Results saved to security/optimized_experiment_results_1741351196_intermediate.json
2025-03-07 12:39:56,708 - __main__ - INFO -     Config: low_bias, Trial: 1/5
2025-03-07 12:39:57,811 - __main__ - INFO -     Config: low_bias, Trial: 2/5
2025-03-07 12:39:59,577 - __main__ - INFO -     Config: low_bias, Trial: 3/5
2025-03-07 12:40:00,629 - __main__ - INFO -     Config: low_bias, Trial: 4/5
2025-03-07 12:40:01,736 - __main__ - INFO -     Config: low_bias, Trial: 5/5
2025-03-07 12:40:02,783 - __main__ - INFO - Results saved to security/optimized_experiment_results_1741351202_intermediate.json
2025-03-07 12:40:02,783 - __main__ - INFO -     Config: high_bias, Trial: 1/5
2025-03-07 12:40:08,973 - __main__ - INFO -     Config: high_bias, Trial: 2/5
2025-03-07 12:40:15,076 - __main__ - INFO -     Config: high_bias, Trial: 3/5
2025-03-07 12:40:21,173 - __main__ - INFO -     Config: high_bias, Trial: 4/5
2025-03-07 12:40:27,270 - __main__ - INFO -     Config: high_bias, Trial: 5/5
2025-03-07 12:40:33,500 - __main__ - INFO - Results saved to security/optimized_experiment_results_1741351233_intermediate.json
2025-03-07 12:40:33,501 - __main__ - INFO - Processing vulnerability type: path_traversal
2025-03-07 12:40:33,501 - __main__ - INFO -   Example 1/1
2025-03-07 12:40:33,501 - __main__ - INFO -     Config: no_bias, Trial: 1/5
2025-03-07 12:40:38,769 - __main__ - INFO -     Config: no_bias, Trial: 2/5
2025-03-07 12:40:44,749 - __main__ - INFO -     Config: no_bias, Trial: 3/5
2025-03-07 12:40:47,194 - __main__ - INFO -     Config: no_bias, Trial: 4/5
2025-03-07 12:40:50,649 - __main__ - INFO -     Config: no_bias, Trial: 5/5
2025-03-07 12:40:56,449 - __main__ - INFO - Results saved to security/optimized_experiment_results_1741351256_intermediate.json
2025-03-07 12:40:56,449 - __main__ - INFO -     Config: low_bias, Trial: 1/5
2025-03-07 12:40:57,559 - __main__ - INFO -     Config: low_bias, Trial: 2/5
2025-03-07 12:40:58,669 - __main__ - INFO -     Config: low_bias, Trial: 3/5
2025-03-07 12:41:02,123 - __main__ - INFO -     Config: low_bias, Trial: 4/5
2025-03-07 12:41:03,224 - __main__ - INFO -     Config: low_bias, Trial: 5/5
2025-03-07 12:41:04,276 - __main__ - INFO - Results saved to security/optimized_experiment_results_1741351264_intermediate.json
2025-03-07 12:41:04,277 - __main__ - INFO -     Config: high_bias, Trial: 1/5
2025-03-07 12:41:10,440 - __main__ - INFO -     Config: high_bias, Trial: 2/5
2025-03-07 12:41:16,690 - __main__ - INFO -     Config: high_bias, Trial: 3/5
2025-03-07 12:41:22,925 - __main__ - INFO -     Config: high_bias, Trial: 4/5
2025-03-07 12:41:28,926 - __main__ - INFO -     Config: high_bias, Trial: 5/5
2025-03-07 12:41:34,929 - __main__ - INFO - Results saved to security/optimized_experiment_results_1741351294_intermediate.json
2025-03-07 12:41:34,929 - __main__ - INFO - Processing vulnerability type: command_injection
2025-03-07 12:41:34,929 - __main__ - INFO -   Example 1/1
2025-03-07 12:41:34,929 - __main__ - INFO -     Config: no_bias, Trial: 1/5
2025-03-07 12:41:40,463 - __main__ - INFO -     Config: no_bias, Trial: 2/5
2025-03-07 12:41:46,205 - __main__ - INFO -     Config: no_bias, Trial: 3/5
2025-03-07 12:41:48,937 - __main__ - INFO -     Config: no_bias, Trial: 4/5
2025-03-07 12:41:52,025 - __main__ - INFO -     Config: no_bias, Trial: 5/5
2025-03-07 12:41:55,527 - __main__ - INFO - Results saved to security/optimized_experiment_results_1741351315_intermediate.json
2025-03-07 12:41:55,527 - __main__ - INFO -     Config: low_bias, Trial: 1/5
2025-03-07 12:41:56,604 - __main__ - INFO -     Config: low_bias, Trial: 2/5
2025-03-07 12:41:57,687 - __main__ - INFO -     Config: low_bias, Trial: 3/5
2025-03-07 12:41:58,308 - __main__ - INFO -     Config: low_bias, Trial: 4/5
2025-03-07 12:41:59,388 - __main__ - INFO -     Config: low_bias, Trial: 5/5
2025-03-07 12:42:00,422 - __main__ - INFO - Results saved to security/optimized_experiment_results_1741351320_intermediate.json
2025-03-07 12:42:00,422 - __main__ - INFO -     Config: high_bias, Trial: 1/5
2025-03-07 12:42:06,416 - __main__ - INFO -     Config: high_bias, Trial: 2/5
2025-03-07 12:42:12,319 - __main__ - INFO -     Config: high_bias, Trial: 3/5
2025-03-07 12:42:18,369 - __main__ - INFO -     Config: high_bias, Trial: 4/5
2025-03-07 12:42:24,398 - __main__ - INFO -     Config: high_bias, Trial: 5/5
2025-03-07 12:42:30,291 - __main__ - INFO - Results saved to security/optimized_experiment_results_1741351350_intermediate.json
2025-03-07 12:42:30,291 - __main__ - INFO - Processing vulnerability type: buffer_overflow
2025-03-07 12:42:30,291 - __main__ - INFO - Processing vulnerability type: use_after_free
2025-03-07 12:42:30,291 - __main__ - INFO -   Example 1/1
2025-03-07 12:42:30,291 - __main__ - INFO -     Config: no_bias, Trial: 1/5
2025-03-07 12:42:32,604 - __main__ - INFO -     Config: no_bias, Trial: 2/5
2025-03-07 12:42:38,429 - __main__ - INFO -     Config: no_bias, Trial: 3/5
2025-03-07 12:42:40,838 - __main__ - INFO -     Config: no_bias, Trial: 4/5
2025-03-07 12:42:46,578 - __main__ - INFO -     Config: no_bias, Trial: 5/5
2025-03-07 12:42:52,035 - __main__ - INFO - Results saved to security/optimized_experiment_results_1741351372_intermediate.json
2025-03-07 12:42:52,036 - __main__ - INFO -     Config: low_bias, Trial: 1/5
2025-03-07 12:42:53,745 - __main__ - INFO -     Config: low_bias, Trial: 2/5
2025-03-07 12:42:54,821 - __main__ - INFO -     Config: low_bias, Trial: 3/5
2025-03-07 12:42:55,902 - __main__ - INFO -     Config: low_bias, Trial: 4/5
2025-03-07 12:42:56,982 - __main__ - INFO -     Config: low_bias, Trial: 5/5
2025-03-07 12:42:57,998 - __main__ - INFO - Results saved to security/optimized_experiment_results_1741351377_intermediate.json
2025-03-07 12:42:57,998 - __main__ - INFO -     Config: high_bias, Trial: 1/5
2025-03-07 12:42:59,057 - __main__ - INFO -     Config: high_bias, Trial: 2/5
2025-03-07 12:43:00,134 - __main__ - INFO -     Config: high_bias, Trial: 3/5
2025-03-07 12:43:01,193 - __main__ - INFO -     Config: high_bias, Trial: 4/5
2025-03-07 12:43:02,258 - __main__ - INFO -     Config: high_bias, Trial: 5/5
2025-03-07 12:43:03,316 - __main__ - INFO - Results saved to security/optimized_experiment_results_1741351383_intermediate.json
2025-03-07 12:43:03,316 - __main__ - INFO - Processing vulnerability type: integer_overflow
2025-03-07 12:43:03,316 - __main__ - INFO -   Example 1/1
2025-03-07 12:43:03,316 - __main__ - INFO -     Config: no_bias, Trial: 1/5
2025-03-07 12:43:09,053 - __main__ - INFO -     Config: no_bias, Trial: 2/5
2025-03-07 12:43:14,813 - __main__ - INFO -     Config: no_bias, Trial: 3/5
2025-03-07 12:43:17,443 - __main__ - INFO -     Config: no_bias, Trial: 4/5
2025-03-07 12:43:20,786 - __main__ - INFO -     Config: no_bias, Trial: 5/5
2025-03-07 12:43:26,493 - __main__ - INFO - Results saved to security/optimized_experiment_results_1741351406_intermediate.json
2025-03-07 12:43:26,494 - __main__ - INFO -     Config: low_bias, Trial: 1/5
2025-03-07 12:43:28,154 - __main__ - INFO -     Config: low_bias, Trial: 2/5
2025-03-07 12:43:29,234 - __main__ - INFO -     Config: low_bias, Trial: 3/5
2025-03-07 12:43:30,651 - __main__ - INFO -     Config: low_bias, Trial: 4/5
2025-03-07 12:43:31,722 - __main__ - INFO -     Config: low_bias, Trial: 5/5
2025-03-07 12:43:32,739 - __main__ - INFO - Results saved to security/optimized_experiment_results_1741351412_intermediate.json
2025-03-07 12:43:32,739 - __main__ - INFO -     Config: high_bias, Trial: 1/5
2025-03-07 12:43:33,820 - __main__ - INFO -     Config: high_bias, Trial: 2/5
2025-03-07 12:43:34,897 - __main__ - INFO -     Config: high_bias, Trial: 3/5
2025-03-07 12:43:36,480 - __main__ - INFO -     Config: high_bias, Trial: 4/5
2025-03-07 12:43:37,551 - __main__ - INFO -     Config: high_bias, Trial: 5/5
2025-03-07 12:43:38,634 - __main__ - INFO - Results saved to security/optimized_experiment_results_1741351418_intermediate.json
2025-03-07 12:43:38,634 - __main__ - INFO - Processing vulnerability type: hardcoded_credentials
2025-03-07 12:43:38,634 - __main__ - INFO -   Example 1/1
2025-03-07 12:43:38,634 - __main__ - INFO -     Config: no_bias, Trial: 1/5
2025-03-07 12:43:44,439 - __main__ - INFO -     Config: no_bias, Trial: 2/5
2025-03-07 12:43:50,225 - __main__ - INFO -     Config: no_bias, Trial: 3/5
2025-03-07 12:43:52,970 - __main__ - INFO -     Config: no_bias, Trial: 4/5
2025-03-07 12:43:56,080 - __main__ - INFO -     Config: no_bias, Trial: 5/5
2025-03-07 12:44:01,902 - __main__ - INFO - Results saved to security/optimized_experiment_results_1741351441_intermediate.json
2025-03-07 12:44:01,902 - __main__ - INFO -     Config: low_bias, Trial: 1/5
2025-03-07 12:44:02,979 - __main__ - INFO -     Config: low_bias, Trial: 2/5
2025-03-07 12:44:04,711 - __main__ - INFO -     Config: low_bias, Trial: 3/5
2025-03-07 12:44:05,392 - __main__ - INFO -     Config: low_bias, Trial: 4/5
2025-03-07 12:44:06,471 - __main__ - INFO -     Config: low_bias, Trial: 5/5
2025-03-07 12:44:07,490 - __main__ - INFO - Results saved to security/optimized_experiment_results_1741351447_intermediate.json
2025-03-07 12:44:07,490 - __main__ - INFO -     Config: high_bias, Trial: 1/5
2025-03-07 12:44:13,799 - __main__ - INFO -     Config: high_bias, Trial: 2/5
2025-03-07 12:44:19,997 - __main__ - INFO -     Config: high_bias, Trial: 3/5
2025-03-07 12:44:26,111 - __main__ - INFO -     Config: high_bias, Trial: 4/5
2025-03-07 12:44:32,204 - __main__ - INFO -     Config: high_bias, Trial: 5/5
2025-03-07 12:44:38,079 - __main__ - INFO - Results saved to security/optimized_experiment_results_1741351478_intermediate.json
2025-03-07 12:44:38,080 - __main__ - INFO - Experiment completed in 363.2 seconds
2025-03-07 12:44:38,082 - __main__ - INFO - Results saved to security/optimized_experiment_results.json
2025-03-07 12:44:38,082 - __main__ - INFO - Analyzing results
2025-03-07 12:44:38,082 - __main__ - INFO - Generating report
2025-03-07 12:44:38,082 - __main__ - INFO - Report saved to security/optimized_experiment_report.md
2025-03-07 12:44:38,082 - __main__ - INFO - Experiment completed successfully!
